-50
-50
-50
-50
-50
-50
-50
-50
-50
-50
-50
-50
-50
-50
-50
-50
-50
-50
-50
-50
-50
-50
-50
-50
-50
-50
-50
-50
-50
-50
-50
-50
-50
-50
-50
-50
-49
-49
-49
-49
-49
-49
-49
-49
-49
-49
-49
-49
-49
-49
-49
-49
-49
-49
-49
-49
-49
-49
-49
-49
-49
-49
-49
-49
-49
-49
-49
-49
-49
-49
-49
-49
-49
-49
-49
-49
-49
-49
-49
-49
-49
-49
-49
-49
-49
-49
-49
-49
-49
-49
-48
-48
-48
-48
-48
-48
-48
-48
-48
-48
-48
-48
-48
-48
-48
-48
-48
-48
-48
-48
-48
-48
-48
-48
-48
-48
-48
-48
-48
-48
-48
-48
-48
-48
-48
-48
-48
-48
-48
-48
-48
-48
-48
-48
-48
-48
-48
-48
-48
-48
-48
-48
-48
-48
-47
-47
-47
-47
-47
-47
-47
-47
-47
-47
-47
-47
-47
-47
-47
-47
-47
-47
-47
-47
-47
-47
-47
-47
-47
-47
-47
-47
-47
-47
-47
-47
-47
-47
-47
-47
-47
-47
-47
-47
-47
-47
-47
-47
-47
-47
-47
-47
-47
-47
-47
-47
-47
-47
-47
-47
-46
-46
-46
-46
-46
-46
-46
-46
-46
-46
-46
-46
-46
-46
-46
-46
-46
-46
-46
-46
-46
-46
-46
-46
-46
-46
-46
-46
-46
-46
-46
-46
-46
-46
-46
-46
-46
-46
-46
-46
-46
-46
-46
-46
-46
-46
-46
-45
-45
-45
-45
-45
-45
-45
-45
-45
-45
-45
-45
-45
-45
-45
-45
-45
-45
-45
-45
-45
-45
-45
-45
-45
-45
-45
-45
-45
-45
-45
-45
-45
-45
-45
-45
-45
-45
-45
-45
-45
-45
-45
-45
-45
-45
-45
-45
-45
-45
-45
-45
-45
-45
-45
-44
-44
-44
-44
-44
-44
-44
-44
-44
-44
-44
-44
-44
-44
-44
-44
-44
-44
-44
-44
-44
-44
-44
-44
-44
-44
-44
-44
-44
-44
-44
-44
-44
-44
-44
-44
-44
-44
-44
-44
-44
-44
-44
-44
-44
-44
-44
-44
-44
-44
-44
-43
-43
-43
-43
-43
-43
-43
-43
-43
-43
-43
-43
-43
-43
-43
-43
-43
-43
-43
-43
-43
-43
-43
-43
-43
-43
-43
-43
-43
-43
-43
-43
-43
-43
-43
-43
-43
-43
-43
-43
-43
-43
-43
-43
-42
-42
-42
-42
-42
-42
-42
-42
-42
-42
-42
-42
-42
-42
-42
-42
-42
-42
-42
-42
-42
-42
-42
-42
-42
-42
-42
-42
-42
-42
-42
-42
-42
-42
-42
-42
-42
-42
-42
-42
-42
-42
-42
-42
-42
-42
-42
-42
-41
-41
-41
-41
-41
-41
-41
-41
-41
-41
-41
-41
-41
-41
-41
-41
-41
-41
-41
-41
-41
-41
-41
-41
-41
-41
-41
-41
-41
-41
-41
-41
-41
-41
-41
-41
-41
-41
-41
-41
-41
-41
-41
-41
-41
-41
-41
-41
-41
-41
-41
-41
-40
-40
-40
-40
-40
-40
-40
-40
-40
-40
-40
-40
-40
-40
-40
-40
-40
-40
-40
-40
-40
-40
-40
-40
-40
-40
-40
-40
-40
-40
-40
-40
-40
-40
-40
-40
-40
-40
-40
-40
-40
-40
-39
-39
-39
-39
-39
-39
-39
-39
-39
-39
-39
-39
-39
-39
-39
-39
-39
-39
-39
-39
-39
-39
-39
-39
-39
-39
-39
-39
-39
-39
-39
-39
-39
-39
-39
-39
-39
-39
-39
-39
-39
-39
-39
-39
-39
-39
-39
-38
-38
-38
-38
-38
-38
-38
-38
-38
-38
-38
-38
-38
-38
-38
-38
-38
-38
-38
-38
-38
-38
-38
-38
-38
-38
-38
-38
-38
-38
-38
-38
-38
-38
-38
-38
-38
-38
-38
-38
-38
-38
-38
-38
-38
-38
-38
-38
-38
-38
-38
-38
-37
-37
-37
-37
-37
-37
-37
-37
-37
-37
-37
-37
-37
-37
-37
-37
-37
-37
-37
-37
-37
-37
-37
-37
-37
-37
-37
-37
-37
-37
-37
-37
-37
-37
-37
-37
-37
-37
-37
-37
-37
-37
-37
-37
-37
-37
-37
-37
-37
-36
-36
-36
-36
-36
-36
-36
-36
-36
-36
-36
-36
-36
-36
-36
-36
-36
-36
-36
-36
-36
-36
-36
-36
-36
-36
-36
-36
-36
-36
-36
-36
-36
-36
-36
-36
-36
-36
-36
-36
-36
-36
-36
-36
-36
-36
-36
-36
-36
-36
-36
-36
-36
-36
-35
-35
-35
-35
-35
-35
-35
-35
-35
-35
-35
-35
-35
-35
-35
-35
-35
-35
-35
-35
-35
-35
-35
-35
-35
-35
-35
-35
-35
-35
-35
-35
-35
-35
-35
-35
-35
-35
-35
-35
-34
-34
-34
-34
-34
-34
-34
-34
-34
-34
-34
-34
-34
-34
-34
-34
-34
-34
-34
-34
-34
-34
-34
-34
-34
-34
-34
-34
-34
-34
-34
-34
-34
-34
-34
-34
-34
-34
-34
-34
-34
-34
-34
-34
-34
-34
-34
-34
-34
-34
-34
-34
-34
-34
-33
-33
-33
-33
-33
-33
-33
-33
-33
-33
-33
-33
-33
-33
-33
-33
-33
-33
-33
-33
-33
-33
-33
-33
-33
-33
-33
-33
-33
-33
-33
-33
-33
-33
-33
-33
-33
-33
-33
-33
-33
-33
-33
-33
-33
-33
-33
-33
-33
-33
-33
-33
-32
-32
-32
-32
-32
-32
-32
-32
-32
-32
-32
-32
-32
-32
-32
-32
-32
-32
-32
-32
-32
-32
-32
-32
-32
-32
-32
-32
-32
-32
-32
-32
-32
-32
-32
-32
-32
-32
-32
-32
-32
-32
-32
-31
-31
-31
-31
-31
-31
-31
-31
-31
-31
-31
-31
-31
-31
-31
-31
-31
-31
-31
-31
-31
-31
-31
-31
-31
-31
-31
-31
-31
-31
-31
-31
-31
-31
-31
-31
-31
-31
-31
-31
-31
-31
-31
-31
-31
-31
-31
-31
-31
-31
-30
-30
-30
-30
-30
-30
-30
-30
-30
-30
-30
-30
-30
-30
-30
-30
-30
-30
-30
-30
-30
-30
-30
-30
-30
-30
-30
-30
-30
-30
-30
-30
-30
-30
-30
-30
-30
-30
-30
-30
-30
-30
-30
-30
-29
-29
-29
-29
-29
-29
-29
-29
-29
-29
-29
-29
-29
-29
-29
-29
-29
-29
-29
-29
-29
-29
-29
-29
-29
-29
-29
-29
-29
-29
-29
-29
-29
-29
-29
-29
-29
-29
-29
-29
-29
-29
-29
-29
-29
-29
-29
-29
-29
-29
-29
-29
-29
-29
-29
-29
-28
-28
-28
-28
-28
-28
-28
-28
-28
-28
-28
-28
-28
-28
-28
-28
-28
-28
-28
-28
-28
-28
-28
-28
-28
-28
-28
-28
-28
-28
-28
-28
-28
-28
-28
-28
-28
-28
-28
-28
-28
-28
-28
-28
-28
-28
-28
-28
-28
-28
-28
-28
-28
-28
-28
-28
-27
-27
-27
-27
-27
-27
-27
-27
-27
-27
-27
-27
-27
-27
-27
-27
-27
-27
-27
-27
-27
-27
-27
-27
-27
-27
-27
-27
-27
-27
-27
-27
-27
-27
-27
-26
-26
-26
-26
-26
-26
-26
-26
-26
-26
-26
-26
-26
-26
-26
-26
-26
-26
-26
-26
-26
-26
-26
-26
-26
-26
-26
-26
-26
-26
-26
-26
-26
-26
-26
-26
-25
-25
-25
-25
-25
-25
-25
-25
-25
-25
-25
-25
-25
-25
-25
-25
-25
-25
-25
-25
-25
-25
-25
-25
-25
-25
-25
-25
-25
-25
-25
-25
-25
-25
-25
-25
-25
-25
-25
-25
-25
-25
-25
-25
-24
-24
-24
-24
-24
-24
-24
-24
-24
-24
-24
-24
-24
-24
-24
-24
-24
-24
-24
-24
-24
-24
-24
-24
-24
-24
-24
-24
-24
-24
-24
-24
-24
-24
-24
-24
-24
-24
-24
-24
-24
-24
-24
-24
-24
-24
-24
-24
-24
-24
-24
-24
-24
-24
-24
-24
-24
-23
-23
-23
-23
-23
-23
-23
-23
-23
-23
-23
-23
-23
-23
-23
-23
-23
-23
-23
-23
-23
-23
-23
-23
-23
-23
-23
-23
-23
-23
-23
-23
-23
-23
-23
-23
-23
-23
-23
-23
-23
-23
-23
-23
-23
-23
-23
-22
-22
-22
-22
-22
-22
-22
-22
-22
-22
-22
-22
-22
-22
-22
-22
-22
-22
-22
-22
-22
-22
-22
-22
-22
-22
-22
-22
-22
-22
-22
-22
-22
-22
-22
-22
-22
-22
-22
-22
-22
-22
-22
-22
-22
-22
-22
-22
-22
-22
-22
-22
-22
-21
-21
-21
-21
-21
-21
-21
-21
-21
-21
-21
-21
-21
-21
-21
-21
-21
-21
-21
-21
-21
-21
-21
-21
-21
-21
-21
-21
-21
-21
-21
-21
-21
-21
-21
-21
-21
-21
-21
-21
-21
-21
-21
-21
-21
-21
-21
-21
-21
-21
-21
-21
-21
-20
-20
-20
-20
-20
-20
-20
-20
-20
-20
-20
-20
-20
-20
-20
-20
-20
-20
-20
-20
-20
-20
-20
-20
-20
-20
-20
-20
-20
-20
-20
-20
-20
-20
-20
-20
-20
-20
-20
-20
-20
-20
-20
-20
-20
-20
-19
-19
-19
-19
-19
-19
-19
-19
-19
-19
-19
-19
-19
-19
-19
-19
-19
-19
-19
-19
-19
-19
-19
-19
-19
-19
-19
-19
-19
-19
-19
-19
-19
-19
-19
-19
-19
-19
-19
-19
-19
-19
-19
-19
-19
-19
-19
-18
-18
-18
-18
-18
-18
-18
-18
-18
-18
-18
-18
-18
-18
-18
-18
-18
-18
-18
-18
-18
-18
-18
-18
-18
-18
-18
-18
-18
-18
-18
-18
-18
-18
-18
-18
-18
-18
-18
-18
-18
-18
-18
-18
-18
-18
-18
-18
-18
-18
-18
-18
-18
-18
-18
-18
-18
-18
-18
-18
-18
-17
-17
-17
-17
-17
-17
-17
-17
-17
-17
-17
-17
-17
-17
-17
-17
-17
-17
-17
-17
-17
-17
-17
-17
-17
-17
-17
-17
-17
-17
-17
-17
-17
-17
-17
-17
-17
-17
-17
-17
-17
-17
-17
-17
-17
-17
-17
-17
-17
-17
-17
-16
-16
-16
-16
-16
-16
-16
-16
-16
-16
-16
-16
-16
-16
-16
-16
-16
-16
-16
-16
-16
-16
-16
-16
-16
-16
-16
-16
-16
-16
-16
-16
-16
-16
-16
-16
-16
-16
-16
-16
-16
-16
-16
-16
-16
-16
-16
-16
-16
-16
-16
-16
-16
-16
-16
-16
-16
-16
-16
-16
-16
-16
-15
-15
-15
-15
-15
-15
-15
-15
-15
-15
-15
-15
-15
-15
-15
-15
-15
-15
-15
-15
-15
-15
-15
-15
-15
-15
-15
-15
-15
-15
-15
-15
-15
-15
-15
-15
-15
-15
-15
-15
-15
-15
-15
-15
-15
-15
-15
-15
-15
-15
-15
-14
-14
-14
-14
-14
-14
-14
-14
-14
-14
-14
-14
-14
-14
-14
-14
-14
-14
-14
-14
-14
-14
-14
-14
-14
-14
-14
-14
-14
-14
-14
-14
-14
-14
-14
-14
-14
-13
-13
-13
-13
-13
-13
-13
-13
-13
-13
-13
-13
-13
-13
-13
-13
-13
-13
-13
-13
-13
-13
-13
-13
-13
-13
-13
-13
-13
-13
-13
-13
-13
-13
-13
-13
-13
-13
-13
-13
-13
-13
-13
-13
-13
-13
-13
-13
-13
-13
-13
-13
-12
-12
-12
-12
-12
-12
-12
-12
-12
-12
-12
-12
-12
-12
-12
-12
-12
-12
-12
-12
-12
-12
-12
-12
-12
-12
-12
-12
-12
-12
-12
-12
-12
-12
-12
-12
-12
-12
-12
-12
-12
-12
-12
-12
-12
-12
-12
-12
-12
-12
-12
-12
-12
-11
-11
-11
-11
-11
-11
-11
-11
-11
-11
-11
-11
-11
-11
-11
-11
-11
-11
-11
-11
-11
-11
-11
-11
-11
-11
-11
-11
-11
-11
-11
-11
-11
-11
-11
-11
-11
-11
-11
-11
-11
-11
-11
-11
-11
-11
-11
-11
-11
-11
-11
-11
-11
-10
-10
-10
-10
-10
-10
-10
-10
-10
-10
-10
-10
-10
-10
-10
-10
-10
-10
-10
-10
-10
-10
-10
-10
-10
-10
-10
-10
-10
-10
-10
-10
-10
-10
-10
-10
-10
-10
-10
-10
-10
-10
-10
-10
-10
-10
-10
-10
-10
-10
-10
-10
-10
-10
-10
-10
-10
-10
-10
-10
-9
-9
-9
-9
-9
-9
-9
-9
-9
-9
-9
-9
-9
-9
-9
-9
-9
-9
-9
-9
-9
-9
-9
-9
-9
-9
-9
-9
-9
-9
-9
-9
-9
-9
-9
-9
-9
-9
-9
-9
-9
-9
-9
-9
-9
-9
-9
-9
-8
-8
-8
-8
-8
-8
-8
-8
-8
-8
-8
-8
-8
-8
-8
-8
-8
-8
-8
-8
-8
-8
-8
-8
-8
-8
-8
-8
-8
-8
-8
-8
-8
-8
-8
-8
-8
-8
-8
-8
-7
-7
-7
-7
-7
-7
-7
-7
-7
-7
-7
-7
-7
-7
-7
-7
-7
-7
-7
-7
-7
-7
-7
-7
-7
-7
-7
-7
-7
-7
-7
-7
-7
-7
-7
-7
-7
-7
-7
-7
-7
-7
-7
-7
-7
-7
-7
-7
-7
-7
-7
-7
-7
-7
-7
-7
-7
-7
-6
-6
-6
-6
-6
-6
-6
-6
-6
-6
-6
-6
-6
-6
-6
-6
-6
-6
-6
-6
-6
-6
-6
-6
-6
-6
-6
-6
-6
-6
-6
-6
-6
-6
-6
-6
-6
-6
-6
-6
-6
-6
-6
-6
-5
-5
-5
-5
-5
-5
-5
-5
-5
-5
-5
-5
-5
-5
-5
-5
-5
-5
-5
-5
-5
-5
-5
-5
-5
-5
-5
-5
-5
-5
-5
-5
-5
-5
-5
-5
-5
-5
-5
-5
-5
-5
-5
-5
-5
-5
-5
-5
-5
-5
-5
-5
-5
-5
-4
-4
-4
-4
-4
-4
-4
-4
-4
-4
-4
-4
-4
-4
-4
-4
-4
-4
-4
-4
-4
-4
-4
-4
-4
-4
-4
-4
-4
-4
-4
-4
-4
-4
-4
-4
-4
-4
-4
-4
-4
-3
-3
-3
-3
-3
-3
-3
-3
-3
-3
-3
-3
-3
-3
-3
-3
-3
-3
-3
-3
-3
-3
-3
-3
-3
-3
-3
-3
-3
-3
-3
-3
-3
-3
-3
-3
-3
-3
-3
-3
-3
-3
-3
-3
-3
-2
-2
-2
-2
-2
-2
-2
-2
-2
-2
-2
-2
-2
-2
-2
-2
-2
-2
-2
-2
-2
-2
-2
-2
-2
-2
-2
-2
-2
-2
-2
-2
-2
-2
-2
-2
-2
-2
-2
-2
-2
-2
-2
-2
-2
-2
-2
-2
-2
-2
-1
-1
-1
-1
-1
-1
-1
-1
-1
-1
-1
-1
-1
-1
-1
-1
-1
-1
-1
-1
-1
-1
-1
-1
-1
-1
-1
-1
-1
-1
-1
-1
-1
-1
-1
-1
-1
-1
-1
-1
-1
-1
-1
-1
-1
-1
-1
-1
-1
-1
-1
-1
-1
0
0
0
0
0
0
0
0
0
0
0
0
0
0
0
0
0
0
0
0
0
0
0
0
0
0
0
0
0
0
0
0
0
0
0
0
0
0
0
0
0
0
0
0
0
0
0
0
0
0
0
0
0
0
0
0
0
0
0
0
0
0
0
0
0
0
1
1
1
1
1
1
1
1
1
1
1
1
1
1
1
1
1
1
1
1
1
1
1
1
1
1
1
1
1
1
1
1
1
1
1
1
1
1
1
1
1
1
1
1
1
1
1
1
1
1
1
1
1
2
2
2
2
2
2
2
2
2
2
2
2
2
2
2
2
2
2
2
2
2
2
2
2
2
2
2
2
2
2
2
2
2
2
2
2
2
2
2
2
2
2
2
3
3
3
3
3
3
3
3
3
3
3
3
3
3
3
3
3
3
3
3
3
3
3
3
3
3
3
3
3
3
3
3
3
3
3
3
3
3
3
4
4
4
4
4
4
4
4
4
4
4
4
4
4
4
4
4
4
4
4
4
4
4
4
4
4
4
4
4
4
4
4
4
4
4
4
4
4
4
4
4
4
4
4
4
4
4
4
4
4
4
4
4
4
4
5
5
5
5
5
5
5
5
5
5
5
5
5
5
5
5
5
5
5
5
5
5
5
5
5
5
5
5
5
5
5
5
5
5
5
5
5
5
5
5
5
5
5
5
5
5
5
5
5
5
5
5
5
5
5
6
6
6
6
6
6
6
6
6
6
6
6
6
6
6
6
6
6
6
6
6
6
6
6
6
6
6
6
6
6
6
6
6
6
6
6
6
6
6
6
6
6
6
6
6
6
6
6
6
6
6
6
6
6
6
6
6
6
7
7
7
7
7
7
7
7
7
7
7
7
7
7
7
7
7
7
7
7
7
7
7
7
7
7
7
7
7
7
7
7
7
7
7
7
7
7
7
7
7
7
7
7
7
7
7
7
8
8
8
8
8
8
8
8
8
8
8
8
8
8
8
8
8
8
8
8
8
8
8
8
8
8
8
8
8
8
8
8
8
8
8
8
8
8
8
8
8
8
8
8
8
8
9
9
9
9
9
9
9
9
9
9
9
9
9
9
9
9
9
9
9
9
9
9
9
9
9
9
9
9
9
9
9
9
10
10
10
10
10
10
10
10
10
10
10
10
10
10
10
10
10
10
10
10
10
10
10
10
10
10
10
10
10
10
10
10
10
10
10
10
10
10
10
10
10
10
10
11
11
11
11
11
11
11
11
11
11
11
11
11
11
11
11
11
11
11
11
11
11
11
11
11
11
11
11
11
11
11
11
11
11
11
11
11
11
11
11
11
11
11
11
11
11
11
11
11
11
11
12
12
12
12
12
12
12
12
12
12
12
12
12
12
12
12
12
12
12
12
12
12
12
12
12
12
12
12
12
12
12
12
12
12
12
12
12
12
12
12
12
12
12
12
12
12
12
12
12
13
13
13
13
13
13
13
13
13
13
13
13
13
13
13
13
13
13
13
13
13
13
13
13
13
13
13
13
13
13
13
13
13
13
13
13
13
13
13
13
13
13
14
14
14
14
14
14
14
14
14
14
14
14
14
14
14
14
14
14
14
14
14
14
14
14
14
14
14
14
14
14
14
14
14
14
14
14
14
14
14
14
14
14
14
14
14
14
14
14
14
14
14
14
14
14
14
14
14
14
15
15
15
15
15
15
15
15
15
15
15
15
15
15
15
15
15
15
15
15
15
15
15
15
15
15
15
15
15
15
15
15
15
15
15
15
15
15
15
15
15
15
15
15
15
15
15
15
15
15
15
15
15
15
15
15
15
15
15
15
15
15
15
15
15
15
15
15
15
15
16
16
16
16
16
16
16
16
16
16
16
16
16
16
16
16
16
16
16
16
16
16
16
16
16
16
16
16
16
16
16
16
16
16
16
16
16
16
16
16
16
16
16
16
16
16
16
17
17
17
17
17
17
17
17
17
17
17
17
17
17
17
17
17
17
17
17
17
17
17
17
17
17
17
17
17
17
17
17
17
17
17
17
17
17
17
17
17
17
17
17
17
17
17
17
17
17
18
18
18
18
18
18
18
18
18
18
18
18
18
18
18
18
18
18
18
18
18
18
18
18
18
18
18
18
18
18
18
18
18
18
18
18
18
18
18
18
18
18
18
18
18
18
18
18
18
18
18
18
18
18
18
18
18
18
18
18
18
18
18
18
19
19
19
19
19
19
19
19
19
19
19
19
19
19
19
19
19
19
19
19
19
19
19
19
19
19
19
19
19
19
19
19
19
19
19
19
19
19
19
19
19
19
19
19
19
19
19
19
19
19
19
19
19
19
19
19
19
19
19
20
20
20
20
20
20
20
20
20
20
20
20
20
20
20
20
20
20
20
20
20
20
20
20
20
20
20
20
20
20
20
20
20
20
20
20
20
20
20
20
20
20
20
20
20
20
20
20
20
20
20
21
21
21
21
21
21
21
21
21
21
21
21
21
21
21
21
21
21
21
21
21
21
21
21
21
21
21
21
21
21
21
21
21
21
21
21
21
21
21
21
21
21
21
21
21
21
22
22
22
22
22
22
22
22
22
22
22
22
22
22
22
22
22
22
22
22
22
22
22
22
22
22
22
22
22
22
22
22
22
22
22
22
22
22
22
22
22
22
22
22
22
22
22
22
22
22
22
22
22
22
23
23
23
23
23
23
23
23
23
23
23
23
23
23
23
23
23
23
23
23
23
23
23
23
23
23
23
23
23
23
23
23
23
23
23
23
23
23
23
23
23
23
23
23
23
23
24
24
24
24
24
24
24
24
24
24
24
24
24
24
24
24
24
24
24
24
24
24
24
24
24
24
24
24
24
24
24
24
24
24
24
24
24
24
24
24
24
24
24
24
24
24
24
24
24
24
24
25
25
25
25
25
25
25
25
25
25
25
25
25
25
25
25
25
25
25
25
25
25
25
25
25
25
25
25
25
25
25
25
25
25
25
25
25
25
25
25
25
25
25
25
25
25
25
25
25
25
25
25
25
25
25
25
25
25
25
26
26
26
26
26
26
26
26
26
26
26
26
26
26
26
26
26
26
26
26
26
26
26
26
26
26
26
26
26
26
26
26
26
26
26
26
26
26
26
26
26
26
26
26
26
26
26
26
27
27
27
27
27
27
27
27
27
27
27
27
27
27
27
27
27
27
27
27
27
27
27
27
27
27
27
27
27
27
27
27
27
27
27
27
27
27
27
27
27
27
27
28
28
28
28
28
28
28
28
28
28
28
28
28
28
28
28
28
28
28
28
28
28
28
28
28
28
28
28
28
28
28
28
28
28
28
28
28
28
28
28
28
28
28
28
28
28
28
28
28
28
28
28
28
28
28
28
28
28
28
28
29
29
29
29
29
29
29
29
29
29
29
29
29
29
29
29
29
29
29
29
29
29
29
29
29
29
29
29
29
29
29
29
29
29
29
29
29
29
29
29
29
29
29
29
29
29
29
29
29
29
30
30
30
30
30
30
30
30
30
30
30
30
30
30
30
30
30
30
30
30
30
30
30
30
30
30
30
30
30
30
30
30
30
30
30
30
30
30
30
30
30
30
30
31
31
31
31
31
31
31
31
31
31
31
31
31
31
31
31
31
31
31
31
31
31
31
31
31
31
31
31
31
31
31
31
31
31
31
31
31
31
31
31
31
31
31
31
31
31
31
31
32
32
32
32
32
32
32
32
32
32
32
32
32
32
32
32
32
32
32
32
32
32
32
32
32
32
32
32
32
32
32
32
32
32
32
32
32
32
32
32
32
32
32
32
32
32
32
32
32
32
32
32
32
32
33
33
33
33
33
33
33
33
33
33
33
33
33
33
33
33
33
33
33
33
33
33
33
33
33
33
33
33
33
33
33
33
33
33
33
33
33
33
33
33
34
34
34
34
34
34
34
34
34
34
34
34
34
34
34
34
34
34
34
34
34
34
34
34
34
34
34
34
34
34
34
34
34
34
34
34
34
34
34
34
34
34
34
34
34
34
34
34
34
34
34
34
34
34
34
34
35
35
35
35
35
35
35
35
35
35
35
35
35
35
35
35
35
35
35
35
35
35
35
35
35
35
35
35
35
35
35
35
35
35
35
35
35
35
35
35
35
35
36
36
36
36
36
36
36
36
36
36
36
36
36
36
36
36
36
36
36
36
36
36
36
36
36
36
36
36
36
36
36
36
36
36
36
36
36
36
36
36
36
36
36
36
36
36
36
37
37
37
37
37
37
37
37
37
37
37
37
37
37
37
37
37
37
37
37
37
37
37
37
37
37
37
37
37
37
37
37
37
37
37
37
37
37
37
37
37
37
37
37
37
38
38
38
38
38
38
38
38
38
38
38
38
38
38
38
38
38
38
38
38
38
38
38
38
38
38
38
38
38
38
38
38
38
38
38
38
38
38
39
39
39
39
39
39
39
39
39
39
39
39
39
39
39
39
39
39
39
39
39
39
39
39
39
39
39
39
39
39
39
39
39
39
39
39
39
39
39
39
39
39
39
39
39
39
39
39
39
39
40
40
40
40
40
40
40
40
40
40
40
40
40
40
40
40
40
40
40
40
40
40
40
40
40
40
40
40
40
40
40
40
40
40
40
40
40
40
40
40
40
40
40
40
40
40
40
40
40
40
40
41
41
41
41
41
41
41
41
41
41
41
41
41
41
41
41
41
41
41
41
41
41
41
41
41
41
41
41
41
41
41
41
41
41
41
41
41
41
41
41
41
41
41
41
41
41
41
41
41
41
41
41
42
42
42
42
42
42
42
42
42
42
42
42
42
42
42
42
42
42
42
42
42
42
42
42
42
42
42
42
42
42
42
42
42
42
42
42
42
42
42
42
42
42
42
42
42
42
42
42
42
42
42
42
42
42
43
43
43
43
43
43
43
43
43
43
43
43
43
43
43
43
43
43
43
43
43
43
43
43
43
43
43
43
43
43
43
43
43
43
43
43
43
43
43
43
43
43
43
43
43
44
44
44
44
44
44
44
44
44
44
44
44
44
44
44
44
44
44
44
44
44
44
44
44
44
44
44
44
44
44
44
44
44
44
44
44
44
44
44
44
45
45
45
45
45
45
45
45
45
45
45
45
45
45
45
45
45
45
45
45
45
45
45
45
45
45
45
45
45
45
45
45
45
45
45
45
45
45
45
45
45
45
45
45
45
45
45
45
45
45
45
45
45
45
46
46
46
46
46
46
46
46
46
46
46
46
46
46
46
46
46
46
46
46
46
46
46
46
46
46
46
46
46
46
46
46
46
46
46
46
46
46
46
46
46
47
47
47
47
47
47
47
47
47
47
47
47
47
47
47
47
47
47
47
47
47
47
47
47
47
47
47
47
47
47
47
47
47
47
47
47
47
48
48
48
48
48
48
48
48
48
48
48
48
48
48
48
48
48
48
48
48
48
48
48
48
48
48
48
48
48
48
48
48
48
48
48
48
48
48
48
48
48
48
48
48
48
48
48
49
49
49
49
49
49
49
49
49
49
49
49
49
49
49
49
49
49
49
49
49
49
49
49
49
49
49
49
49
49
49
49
49
49
49
49
49
49
49
49
49
49
49
49
49
49
49
49
49
49
49
49
50
50
50
50
50
50
50
50
50
50
50
50
50
50
50
50
50
50
50
50
50
50
50
50
50
50
50
50
50
50
50
50
50
50
50
50
50
50
50
50
50
50
50
50
50
50
50
50
50
50
50
50
50
50
50
50
50
50
50
50
50
10000
5001859
5002008
5002129
5002823
5004136
5005660
5005777
5006603
5007188
5007385
5007557
5008605
5008770
5009767
5011563
5012120
5012454
5016671
5018727
5019161
5021043
5021968
5022321
5023323
5023966
5024038
5024495
5026785
5028275
5028775
5032072
5032232
5032754
5035473
5035787
5035869
5036449
5036545
5037527
5037864
5038046
5039866
5041027
5041140
5041236
5043887
5046053
5048795
5048886
5048887
5049968
5052675
5053006
5054946
5056973
5057246
5058044
5062211
5062726
5063107
5063209
5063259
5063477
5064518
5066488
5066935
5067864
5068117
5068447
5068954
5070292
5070803
5072137
5072713
5072955
5074369
5074981
5078907
5079030
5082283
5084247
5085138
5085825
5086112
5087195
5087980
5088801
5089132
5092234
5092786
5093842
5094704
5095073
5095112
5095616
5095940
5096663
5096674
5097075
5099517
5102516
5103187
5104099
5104148
5104749
5104842
5104877
5104992
5105591
5105733
5105779
5109473
5109644
5109753
5110093
5114729
5115457
5115664
5118226
5118525
5119135
5121222
5121309
5123222
5124121
5124367
5125081
5130594
5130678
5131063
5135340
5136854
5137492
5138267
5140682
5141877
5142207
5144677
5144685
5145165
5147089
5147916
5148110
5148695
5149871
5150245
5151055
5152944
5153015
5153775
5154279
5155684
5155960
5156422
5158556
5158951
5159866
5160371
5162212
5164109
5166623
5169198
5169257
5172407
5175585
5176007
5176382
5179029
5179978
5183005
5183350
5183690
5184223
5185758
5188450
5188623
5193856
5194046
5195186
5195271
5197863
5198842
5199709
5200955
5202899
5202956
5203873
5204717
5205324
5206998
5207264
5210192
5213942
5215603
5215642
5215690
5220632
5221379
5221720
5223128
5223615
5223835
5223867
5223942
5224782
5225500
5229155
5230660
5234566
5235302
5236443
5237549
5239304
5240399
5240734
5241337
5243668
5243978
5245161
5245376
5245898
5247149
5249784
5249980
5252077
5252824
5252920
5253434
5254484
5254596
5255062
5257246
5257641
5257964
5258059
5258758
5258938
5260309
5260740
5261954
5262173
5263068
5263130
5264097
5265374
5265405
5266855
5267248
5268379
5269627
5270062
5270184
5271288
5272603
5273233
5274255
5275373
5275439
5276917
5277069
5277199
5280416
5280950
5281710
5283183
5283613
5284397
5284476
5285054
5286549
5286610
5286649
5288048
5288437
5288725
5290129
5291662
5292676
5293263
5293480
5294920
5298610
5298738
5298848
5298917
5299572
5299954
5301612
5302003
5302717
5304019
5305012
5307252
5307607
5307666
5308157
5309908
5310785
5312107
5313548
5314926
5315672
5315775
5315833
5316487
5316557
5316618
5317274
5318715
5319045
5320169
5321108
5321934
5326153
5326754
5327456
5328580
5329025
5332798
5333139
5334967
5335437
5337279
5337733
5340242
5341293
5343410
5345300
5345568
5345837
5345965
5347763
5348115
5350506
5351162
5351660
5352423
5353332
5353664
5354484
5355103
5355924
5355959
5356060
5356521
5356946
5357464
5358287
5358837
5360552
5361800
5362004
5362274
5363668
5363738
5363785
5363893
5364646
5365001
5365121
5365642
5366578
5368028
5368405
5370238
5370731
5371348
5372353
5373332
5373580
5374947
5376564
5377099
5378356
5378632
5381437
5382779
5388095
5389274
5389377
5390527
5390725
5401151
5401863
5402668
5402748
5402842
5403438
5403579
5405857
5407166
5408028
5409087
5409910
5412159
5413105
5413526
5413743
5414431
5416268
5418006
5419172
5420317
5424996
5425477
5427474
5427716
5428714
5430818
5430966
5431271
5432460
5433612
5434180
5434845
5435676
5436514
5437091
5437124
5437148
5438055
5438965
5439096
5439875
5441215
5441265
5442125
5442154
5442230
5443012
5444100
5445169
5445407
5445540
5446383
5446875
5447797
5448202
5449307
5449788
5449927
5450206
5455920
5456489
5457712
5457818
5459116
5460854
5460865
5461411
5462587
5462912
5463653
5463657
5465912
5466699
5467006
5468071
5469398
5469516
5471471
5471873
5472359
5472690
5473502
5476107
5476473
5477014
5477036
5477070
5477144
5477358
5477654
5477719
5478249
5481487
5482101
5482489
5483445
5485933
5486282
5486494
5488065
5490378
5491167
5491643
5492851
5494114
5495734
5497914
5500132
5500228
5500709
5500915
5501010
5502398
5502781
5504011
5504920
5505161
5507058
5507306
5507988
5510191
5510568
5511695
5512806
5513227
5513243
5513586
5514247
5514483
5515727
5515873
5516084
5517096
5517410
5517481
5517670
5517799
5517882
5518518
5518967
5519275
5520173
5520337
5520507
5521262
5521426
5524958
5525606
5527911
5528655
5529472
5530405
5531929
5532778
5532951
5533926
5534852
5537361
5540001
5540582
5540747
5541013
5541250
5544532
5545397
5545605
5546791
5547470
5549827
5551816
5552109
5552111
5552171
5552176
5553914
5554168
5554208
5555971
5557080
5558183
5559788
5560573
5564440
5565142
5567076
5567829
5568530
5568957
5569702
5569803
5570181
5571142
5571863
5572258
5572601
5574423
5574726
5578020
5578936
5579766
5579849
5580457
5583545
5586338
5587896
5588963
5589890
5591500
5593052
5593512
5594299
5594556
5595257
5598208
5599513
5601515
5603220
5604594
5606066
5606156
5606646
5608876
5609205
5609930
5610341
5611217
5611723
5611966
5613438
5613957
5614548
5615092
5615994
5616055
5617471
5618235
5618992
5621496
5622194
5625667
5625981
5626252
5626673
5627918
5629259
5629286
5629523
5630027
5631804
5632083
5632102
5634002
5634544
5634579
5635616
5641507
5642962
5643552
5646485
5646824
5647156
5648791
5649181
5649207
5649859
5650163
5650753
5651467
5651770
5654189
5656089
5660397
5660520
5661595
5663971
5664162
5664363
5664477
5664884
5665346
5665750
5666909
5667032
5668934
5670944
5671905
5671947
5672324
5673832
5674133
5674832
5675038
5676063
5676498
5678627
5678755
5679504
5680205
5680259
5681587
5682390
5683946
5684505
5684713
5685526
5686534
5686946
5687393
5688832
5688966
5690166
5691895
5694364
5694743
5695035
5695737
5697452
5698158
5699630
5700660
5703528
5704215
5704311
5704951
5705276
5708297
5711284
5711572
5712379
5712759
5715184
5716941
5717057
5717884
5719074
5720842
5722404
5722678
5724369
5725706
5728117
5731524
5732488
5732542
5732781
5735402
5735784
5736364
5737757
5738801
5739448
5741082
5741308
5742227
5743699
5745227
5746429
5746724
5749033
5749766
5750059
5750122
5752185
5753346
5755659
5756457
5756976
5757094
5757804
5759841
5761260
5763621
5764484
5765886
5765989
5768193
5769227
5770423
5772050
5772210
5774023
5774451
5775118
5775990
5776546
5778028
5778460
5778595
5779253
5779476
5779711
5781167
5781567
5782168
5782519
5784071
5784522
5784555
5786590
5786900
5788421
5788991
5789191
5790198
5791083
5792139
5792687
5793680
5793752
5794716
5794784
5794924
5795860
5797764
5799372
5800926
5801996
5803847
5803999
5805287
5805707
5806172
5806343
5806526
5807509
5808807
5812089
5813363
5815024
5816280
5816752
5817282
5818746
5820264
5820471
5820998
5822091
5822485
5824121
5824403
5828172
5828192
5828225
5828709
5829580
5829787
5830303
5833253
5835501
5836178
5839406
5839642
5840630
5841709
5842565
5843209
5843812
5845820
5849552
5850808
5852027
5852541
5856803
5858773
5858862
5859008
5859979
5861148
5863903
5864826
5864984
5865025
5867487
5868605
5869243
5869685
5870190
5870210
5872169
5873512
5875339
5876019
5877183
5877774
5878327
5878748
5882421
5882958
5883509
5884023
5884897
5885731
5886600
5887065
5887614
5889233
5889301
5890927
5891911
5894850
5895395
5897726
5897931
5898401
5898740
5898936
5899895
5901132
5901267
5901274
5904830
5905238
5907567
5908086
5909307
5910995
5911227
5911453
5911863
5912106
5912249
5914073
5915014
5915701
5917522
5918059
5918370
5920082
5920168
5920467
5920823
5925799
5926167
5929228
5929461
5929652
5929979
5930235
5930432
5932541
5932769
5933059
5933274
5934257
5934436
5936063
5936495
5936936
5937581
5937786
5939067
5939606
5939930
5942567
5943604
5943606
5944336
5944380
5944860
5945265
5945828
5946332
5946894
5946972
5950950
5951724
5953718
5957296
5958688
5959449
5961498
5963039
5963428
5963852
5964310
5966554
5966926
5967004
5967051
5967469
5972843
5977026
5977281
5977289
5977405
5978334
5984261
5985936
5986353
5988354
5992469
5993822
5994735
5996029
5997007
5997956
5998933
6001404
6001506
6002439
6003325
6005456
6005813
6005848
6006983
6008020
6010108
6010919
6014475
6015630
6016041
6016716
6017971
6019449
6019541
6020381
6020599
6021069
6021644
6022036
6023385
6023483
6023803
6024527
6025580
6026019
6028004
6029375
6029559
6032145
6032339
6032648
6033931
6034012
6035443
6036348
6036646
6038276
6041242
6041641
6042076
6043172
6044397
6044790
6046468
6049800
6051789
6052382
6053254
6054992
6056153
6058301
6060194
6060821
6062980
6065190
6066383
6067021
6068966
6070705
6070768
6073778
6076313
6076355
6078329
6079570
6079786
6080412
6080976
6081630
6081925
6082660
6083262
6083882
6083952
6085408
6086214
6087709
6089152
6090759
6090762
6091799
6092676
6092780
6092965
6094672
6096599
6096673
6096702
6097047
6098054
6098134
6099657
6099722
6101804
6102236
6102688
6103684
6104390
6104583
6105115
6105405
6105479
6106909
6107148
6107836
6108481
6108772
6111119
6111270
6111466
6112241
6112719
6113053
6113063
6113575
6113726
6113899
6114087
6116003
6116327
6117352
6118056
6118908
6118945
6119533
6119591
6121131
6121347
6122037
6125238
6125426
6127259
6130432
6130647
6130889
6131386
6133372
6134631
6136556
6138503
6140861
6141076
6143871
6144128
6144179
6145242
6145633
6147894
6147997
6149947
6151007
6151735
6151975
6152402
6154611
6155832
6155869
6155877
6157130
6157895
6160022
6162134
6163132
6163955
6164558
6164756
6167035
6167935
6167983
6168820
6173892
6174121
6174520
6174916
6175130
6175277
6175721
6175976
6176142
6176721
6178421
6179026
6181820
6181869
6181885
6181904
6182529
6183027
6183802
6185461
6186967
6187003
6187477
6188812
6191485
6193053
6193552
6193742
6193979
6195597
6195896
6199585
6199807
6200139
6200810
6201018
6202206
6203099
6204307
6205445
6205707
6206840
6206924
6208111
6208881
6209891
6211582
6211646
6212477
6212529
6213515
6213962
6214418
6214595
6215326
6216090
6216953
6219005
6219284
6219340
6219602
6222841
6223274
6223407
6225923
6226097
6227355
6227779
6229473
6229909
6231617
6234182
6234230
6235916
6235929
6236074
6237352
6237781
6238109
6238819
6241065
6241265
6242017
6243265
6244082
6244529
6245099
6246464
6246889
6247352
6247746
6248117
6248887
6249637
6251112
6251248
6252294
6252902
6253860
6254410
6254607
6254687
6255217
6256682
6257943
6258033
6258160
6258397
6260540
6260773
6265780
6266601
6266653
6268266
6269066
6270934
6270962
6271238
6272032
6273088
6274748
6280601
6281130
6284135
6285988
6286208
6286270
6286522
6289017
6290497
6291003
6291363
6291368
6292053
6292169
6294737
6295280
6295300
6296375
6296481
6297206
6298027
6299400
6300966
6301353
6301562
6302271
6303137
6303431
6303929
6305085
6305665
6307594
6308920
6309033
6309658
6310584
6311074
6311206
6311965
6312842
6315724
6315852
6316229
6317113
6317785
6317826
6318071
6318183
6318659
6319009
6319073
6320783
6321007
6326910
6328219
6329500
6330966
6332580
6333670
6334098
6334369
6335294
6335306
6336444
6336684
6336997
6337025
6339469
6340089
6340290
6344118
6345009
6346317
6346318
6346776
6347759
6349314
6349360
6350048
6350868
6351193
6352035
6352589
6352817
6353027
6354208
6354507
6354926
6354934
6355279
6357486
6357515
6358510
6358933
6359946
6360174
6361526
6361638
6363780
6365185
6365690
6366697
6366954
6367882
6369712
6370701
6371023
6371098
6371955
6372556
6373057
6373940
6374925
6375503
6375632
6378506
6379331
6379352
6381301
6384601
6385910
6385922
6386131
6387588
6388189
6388741
6391303
6396001
6396322
6396543
6396778
6397871
6398536
6398669
6399169
6399694
6400469
6402992
6404230
6404444
6404990
6405714
6406894
6410112
6411272
6412418
6412458
6413923
6413972
6414513
6414547
6415134
6415370
6415517
6415523
6416314
6417542
6418010
6422348
6422371
6425735
6427803
6428489
6430223
6430283
6430622
6431183
6431574
6432275
6432727
6434843
6435119
6438358
6439055
6440494
6440614
6440704
6441444
6444284
6444802
6446156
6448332
6450380
6450595
6452218
6453656
6453663
6454825
6455564
6456024
6457276
6458117
6458777
6459922
6460238
6460690
6460905
6461984
6462487
6466324
6466565
6466934
6466942
6467324
6468576
6469263
6469275
6469350
6469479
6469593
6470063
6471327
6471861
6472864
6473263
6474499
6474792
6475110
6476178
6477268
6478128
6478935
6479178
6481589
6481773
6482974
6483256
6485690
6486603
6489384
6490313
6492519
6494729
6495093
6497127
6497183
6497642
6498051
6498064
6498316
6498348
6498656
6499619
6499911
6501550
6501978
6502577
6503997
6506144
6506382
6506589
6507417
6510018
6510822
6511178
6514492
6516550
6517407
6517430
6519109
6520214
6520520
6521252
6522632
6526313
6528154
6528871
6529139
6530113
6531113
6533043
6535806
6537037
6537916
6538229
6538465
6538490
6538714
6539565
6542072
6542735
6543426
6544171
6545441
6545994
6546013
6546648
6547119
6547425
6549261
6549644
6549831
6551412
6551504
6552620
6552827
6553184
6554084
6557159
6557260
6557344
6557490
6559414
6567706
6568648
6569267
6571863
6573053
6573848
6574066
6574405
6576708
6578388
6579229
6580264
6580420
6582607
6583676
6583812
6585839
6586996
6587282
6587734
6587840
6587962
6589024
6589927
6593035
6595587
6595990
6596481
6597196
6597991
6598035
6598600
6599196
6599277
6600151
6600583
6600988
6601266
6601770
6602224
6603187
6605258
6605612
6606503
6606550
6606805
6607017
6607834
6609004
6609359
6609426
6610103
6610734
6611279
6611371
6612431
6613465
6614262
6614306
6615056
6616744
6619049
6619740
6620046
6620866
6621831
6623842
6624428
6626345
6628814
6630029
6630551
6631307
6635300
6637253
6640734
6643120
6644073
6646124
6647285
6647565
6647589
6647891
6648563
6649769
6649989
6650163
6651429
6651997
6652239
6653122
6653280
6653355
6654596
6654859
6658224
6659229
6659784
6660869
6661352
6661486
6662453
6664066
6664562
6664719
6664953
6665380
6665412
6665436
6665549
6665925
6666947
6668218
6670190
6670233
6672520
6673294
6673955
6674011
6674024
6675334
6675472
6676911
6677049
6677599
6677852
6677970
6678730
6679531
6680240
6681382
6683137
6683637
6685068
6685944
6686702
6689530
6692797
6692811
6693828
6694322
6694592
6696257
6697781
6698249
6699795
6702119
6702390
6702834
6703523
6704983
6705547
6707212
6707782
6708970
6709772
6710330
6710525
6711332
6711478
6711815
6713860
6713960
6715350
6716758
6716979
6717863
6718164
6718397
6720435
6721429
6723940
6724561
6726598
6726673
6726891
6727833
6729543
6730884
6730929
6731111
6733572
6734095
6735001
6735178
6740022
6740312
6740320
6740817
6743110
6743838
6745281
6745620
6746240
6746323
6746945
6747462
6748101
6748388
6749583
6750055
6750267
6750747
6752359
6753675
6755904
6756715
6757324
6757577
6757615
6759998
6762088
6764623
6765135
6765421
6766166
6767959
6768342
6769137
6769938
6770040
6770659
6770872
6773031
6773821
6774798
6776310
6776951
6777841
6778583
6779465
6780734
6781128
6782374
6782999
6783071
6783226
6783547
6784070
6784195
6784976
6787158
6787811
6788339
6788685
6789636
6790252
6791820
6792429
6794196
6795690
6796816
6797269
6797367
6800103
6800296
6801742
6802237
6802512
6803540
6803585
6803767
6804453
6804542
6804630
6805004
6805401
6805742
6809076
6809636
6809771
6811428
6812048
6814249
6815967
6816099
6816232
6816414
6816914
6818467
6819772
6824816
6825100
6825710
6826014
6826090
6826113
6826657
6827560
6830315
6830781
6831179
6831668
6832676
6832693
6833659
6834295
6836395
6838248
6839204
6839231
6841598
6842512
6842523
6844576
6845789
6846357
6847007
6847225
6848124
6848703
6850117
6851597
6851667
6851973
6855152
6856639
6856694
6856956
6857319
6858911
6859186
6860345
6862535
6862937
6863280
6864234
6865983
6866159
6866371
6866390
6866406
6867484
6867537
6867606
6868057
6869492
6871836
6872917
6874645
6874954
6876935
6877355
6878305
6878479
6878850
6880123
6880778
6882581
6883006
6886706
6887624
6887896
6888222
6889393
6889714
6890002
6890431
6891750
6892672
6893607
6894248
6894443
6895128
6896315
6896353
6898712
6899650
6903441
6903999
6904053
6906836
6907408
6911445
6911616
6915326
6917739
6919190
6919375
6922593
6922962
6923049
6923990
6924471
6924869
6926003
6927098
6927528
6928841
6930545
6933606
6935209
6935809
6935975
6936966
6936984
6937128
6937912
6938635
6938710
6939432
6942000
6944286
6945232
6945369
6946316
6946508
6947387
6949158
6950699
6951762
6951816
6951977
6954941
6955917
6956776
6957833
6958243
6958537
6958760
6961157
6963542
6964860
6965954
6967365
6969044
6970937
6971851
6972320
6972463
6972844
6972932
6973245
6974018
6974442
6974531
6975125
6979301
6979400
6982104
6983192
6985246
6985736
6985977
6986279
6987113
6987664
6991179
6992363
6992855
6993334
6996929
6999991
7001302
7002996
7003444
7005031
7005375
7006177
7007578
7008493
7008954
7009266
7009611
7010997
7011388
7011761
7012383
7012455
7012686
7013711
7014519
7016844
7016905
7018084
7019493
7020116
7021532
7022597
7025045
7025398
7026470
7027596
7027816
7029612
7032099
7032986
7034439
7034551
7036128
7036257
7036577
7037332
7037415
7039739
7039856
7040519
7041853
7041909
7042460
7042681
7042913
7042948
7043795
7043911
7044274
7045946
7046000
7046575
7046765
7047157
7047317
7048752
7049945
7051227
7053526
7053543
7056167
7056500
7057879
7058992
7059942
7060480
7060491
7061304
7061858
7061901
7062493
7062711
7063161
7064162
7064453
7066092
7067079
7067846
7068099
7069205
7070020
7071310
7072887
7072987
7073199
7075400
7076043
7077787
7078643
7078800
7078870
7081625
7082024
7082512
7084802
7085651
7087131
7090726
7091811
7092304
7094455
7096360
7096991
7097957
7098332
7100573
7101343
7101764
7101931
7102038
7102930
7103054
7104096
7107046
7107897
7109019
7109983
7110806
7111370
7112023
7113254
7115336
7115355
7115501
7116016
7116617
7118785
7119496
7120768
7121147
7121238
7121544
7122958
7122966
7123074
7124116
7126198
7126988
7128963
7129245
7129315
7132459
7133477
7135148
7136499
7140419
7140459
7144173
7144970
7145772
7146135
7147130
7148973
7149062
7149494
7150628
7151751
7151777
7151813
7153531
7154305
7155520
7156480
7156898
7157055
7157162
7158112
7159622
7159900
7160194
7162249
7162402
7162638
7164120
7164261
7164330
7166790
7168065
7168094
7170711
7173933
7174529
7175231
7175763
7177083
7177184
7177472
7177788
7177944
7182825
7183246
7185018
7185353
7189715
7192043
7192935
7193017
7195718
7197795
7198658
7199355
7200709
7200961
7201220
7201965
7203553
7203694
7204060
7205058
7206258
7209350
7209860
7210080
7210838
7211342
7211813
7213857
7214444
7214756
7216750
7217402
7218843
7220817
7222122
7223915
7225470
7226785
7227114
7229134
7229541
7230088
7230828
7231121
7231240
7234885
7234949
7234959
7236519
7237365
7240521
7241249
7242306
7242846
7243218
7244844
7245144
7246649
7250743
7251025
7251230
7251766
7251866
7252513
7254047
7255093
7255538
7255637
7256036
7256358
7257770
7258195
7258479
7260285
7260516
7261267
7261415
7263052
7263109
7263247
7264684
7265916
7267015
7268898
7272853
7276830
7277694
7285037
7287122
7287382
7290212
7290684
7290764
7293188
7295888
7297162
7298005
7301384
7301482
7302093
7303826
7310441
7311273
7311780
7312238
7312380
7312497
7313728
7314161
7318396
7319090
7321926
7323114
7324013
7324986
7327360
7327548
7327685
7329318
7329454
7332926
7333071
7333785
7334038
7334792
7336552
7338521
7339871
7340184
7340829
7341379
7341556
7342475
7343134
7343959
7345811
7348411
7349858
7349998
7351081
7351573
7352042
7352444
7352713
7353882
7354468
7354978
7354998
7356031
7358460
7358661
7360787
7361243
7362137
7362776
7362896
7363361
7363578
7364523
7364725
7365194
7365584
7366274
7366996
7367632
7371223
7376904
7378847
7380834
7381245
7381723
7382720
7382982
7385824
7385931
7386460
7386881
7386912
7389850
7391718
7392175
7394210
7394619
7394635
7395591
7395783
7396650
7396752
7397332
7398868
7400225
7400398
7404078
7404207
7404901
7406913
7407067
7408552
7409596
7412760
7413080
7413208
7413950
7414640
7415489
7415527
7416672
7416817
7417401
7418180
7419372
7419731
7420793
7422197
7425903
7426278
7426353
7426717
7427092
7427781
7427808
7428370
7433205
7437201
7439092
7441430
7441990
7442408
7443311
7443657
7444207
7446464
7447424
7448390
7450458
7450471
7450617
7452160
7452500
7452619
7453339
7453366
7453881
7454354
7454633
7455133
7455286
7455785
7457139
7457510
7459683
7459718
7459920
7461011
7461116
7462731
7463289
7465159
7465724
7465875
7467195
7467644
7468670
7469211
7469705
7470492
7471673
7471788
7473818
7474476
7475752
7476271
7476865
7477491
7483632
7486328
7488579
7490190
7491549
7491718
7492206
7495750
7497140
7497411
7498679
7498939
7500317
7501765
7501895
7502820
7504710
7505573
7508031
7509700
7511058
7511274
7511523
7512371
7512455
7515159
7516259
7516914
7518239
7518434
7518438
7518587
7519375
7519520
7522339
7522506
7523866
7524198
7524622
7525801
7527375
7527972
7528245
7528821
7529698
7530716
7532167
7532950
7533040
7533256
7533907
7535408
7536646
7536836
7537558
7537971
7538803
7539256
7539365
7541838
7543943
7544482
7545679
7548550
7549325
7549342
7549571
7550687
7551251
7553169
7553592
7554172
7556513
7556961
7557887
7557927
7558105
7559511
7559784
7560604
7561011
7561399
7564798
7565759
7566372
7568949
7569135
7569721
7571935
7572730
7573691
7574137
7577379
7577552
7579600
7580302
7580847
7584040
7587363
7587726
7588846
7588937
7589107
7589803
7590741
7591923
7591947
7592073
7592786
7595560
7596033
7596807
7596833
7597132
7597484
7597875
7598560
7598625
7600903
7600937
7601195
7603432
7605361
7605767
7606267
7609211
7609548
7610058
7610249
7610428
7612122
7612137
7613097
7615635
7615736
7616207
7617208
7619221
7620028
7620234
7621936
7622945
7623937
7625197
7625995
7626564
7627378
7627439
7630178
7630555
7632551
7633129
7633570
7635613
7636036
7637948
7640318
7645456
7645639
7645831
7647135
7647139
7648569
7648655
7648886
7650465
7650544
7652239
7653028
7655738
7656799
7657038
7657759
7659630
7663394
7664014
7664400
7664479
7664762
7665378
7665383
7665822
7667049
7667552
7668880
7669355
7670252
7670563
7670987
7671649
7672673
7677669
7679520
7679888
7681495
7681652
7681682
7682781
7684537
7686184
7689485
7690877
7692191
7695729
7695938
7698809
7700286
7700626
7701228
7701709
7702475
7703300
7704876
7706353
7706891
7707344
7708958
7710191
7710759
7711376
7713329
7714615
7715909
7716115
7717631
7718351
7719136
7719281
7720152
7721149
7722576
7723010
7723919
7725102
7726244
7726653
7727572
7728281
7728889
7729729
7729891
7731201
7736086
7736794
7736823
7737787
7738235
7738247
7739666
7742370
7743561
7745224
7746759
7748101
7749088
7749122
7749148
7749200
7749250
7750402
7750573
7753172
7753814
7753916
7754006
7756142
7756484
7757915
7759407
7760121
7762248
7762702
7765452
7765655
7767990
7769759
7769828
7769896
7770528
7771073
7771412
7771589
7773316
7774873
7775636
7777127
7777247
7778241
7778495
7779361
7780028
7780941
7781823
7783001
7784801
7785073
7785384
7787680
7788214
7788502
7788889
7789284
7789737
7789871
7791551
7792954
7793752
7794325
7794329
7797450
7797540
7797895
7797936
7799429
7799865
7800196
7800429
7802072
7803041
7804650
7805364
7805501
7805606
7808932
7810778
7815970
7818170
7820875
7820986
7824952
7826203
7827353
7827809
7828311
7828554
7828590
7829337
7829345
7832979
7833522
7834867
7837244
7840214
7840937
7842772
7842867
7843329
7843880
7844912
7845950
7846082
7846094
7846096
7846798
7848153
7849045
7852780
7853884
7858930
7859173
7864956
7865969
7868295
7869317
7871319
7872559
7873214
7876918
7877877
7880558
7881531
7881811
7886897
7887282
7887455
7889768
7889969
7890719
7891175
7891668
7891748
7892757
7892900
7894542
7896609
7899991
7900532
7902097
7905250
7907389
7908488
7909753
7910004
7910136
7911029
7911484
7912175
7913071
7913137
7914358
7914687
7915159
7916100
7916190
7918338
7918653
7919241
7919852
7922867
7924985
7925110
7926970
7929523
7929754
7933332
7933940
7934477
7934801
7935372
7935824
7936698
7936942
7936944
7937883
7939885
7943860
7945933
7946152
7946306
7947039
7949083
7949344
7949521
7950838
7950956
7951328
7952659
7953213
7953334
7953348
7953370
7954046
7955545
7955971
7956537
7956934
7957160
7959143
7960180
7963286
7963925
7965336
7966396
7967366
7967587
7968194
7968886
7970590
7971296
7971800
7972356
7979159
7980250
7980267
7981453
7981913
7981997
7982986
7983588
7985468
7985811
7986403
7986608
7986815
7986911
7988500
7989454
7989671
7990041
7990675
7991263
7991482
7991920
7992961
7992992
7993588
7995610
7997880
7998326
7998761
7999893
7999945
8000612
8001550
8002635
8004436
8005910
8008833
8008993
8010932
8011123
8011655
8012224
8012274
8014418
8016324
8016662
8017654
8018740
8019981
8020038
8020078
8022683
8022934
8023277
8026462
8026783
8028647
8028849
8029617
8030710
8031939
8032229
8032787
8033942
8034194
8034650
8035033
8036216
8039321
8040018
8040735
8041244
8042279
8042644
8043885
8046428
8047516
8047575
8051340
8051904
8052155
8052371
8052497
8054112
8055143
8059065
8059594
8060829
8061561
8061913
8063371
8063632
8063733
8063892
8064773
8064913
8065585
8066135
8066345
8066860
8068377
8069182
8069247
8069696
8074170
8074679
8074853
8075471
8075510
8078740
8081035
8081995
8083034
8083778
8084697
8085275
8085995
8086436
8089932
8090106
8090679
8091860
8092425
8093498
8093925
8095776
8096305
8097250
8098043
8100445
8101970
8102103
8103271
8103835
8104547
8106315
8106699
8109321
8110085
8113023
8114827
8115350
8115430
8115522
8116252
8116865
8116886
8118201
8118706
8119131
8119225
8119946
8120626
8121299
8121990
8122272
8122833
8124465
8125868
8126766
8128074
8130154
8130749
8131004
8132282
8133583
8138056
8138404
8139451
8139814
8140398
8140780
8140842
8141178
8141554
8141880
8142932
8144757
8145391
8145816
8149271
8150062
8151227
8151352
8151889
8152996
8154076
8154569
8154891
8155848
8156062
8156410
8157411
8157611
8158125
8158519
8159373
8159875
8160665
8160902
8162683
8163352
8163673
8164204
8165527
8165687
8166274
8168117
8168697
8169938
8170587
8171053
8172445
8172734
8172879
8174312
8176136
8176456
8176628
8176714
8176827
8177985
8178723
8179354
8182108
8183389
8183426
8186937
8188092
8190624
8193054
8193752
8193918
8194378
8194931
8195399
8196950
8197000
8197560
8197818
8197898
8198317
8198746
8199623
8203906
8204375
8204520
8206005
8206895
8208464
8210867
8213804
8214153
8214303
8215343
8216948
8217443
8218331
8218354
8218526
8218739
8218749
8218936
8219439
8221525
8221606
8222919
8223268
8224039
8229158
8229742
8229845
8229859
8230244
8230524
8232584
8232836
8235885
8235942
8236780
8237270
8237783
8239129
8239676
8239778
8240189
8240640
8240841
8241494
8241548
8241807
8242369
8243980
8244943
8245105
8245767
8247265
8248312
8249090
8253804
8255268
8257274
8258180
8258394
8258426
8259432
8259833
8259957
8260881
8263487
8263731
8264081
8264770
8265201
8266806
8267998
8268142
8268571
8268676
8269011
8269349
8269433
8270548
8271823
8274214
8274647
8275934
8276234
8276945
8277545
8281138
8282007
8283716
8284275
8284805
8285083
8285827
8286172
8286304
8287146
8288602
8288771
8288830
8288975
8290029
8290178
8290327
8293143
8293197
8294009
8295715
8295785
8296011
8297053
8298547
8300013
8301371
8301806
8304271
8304726
8304895
8305610
8307856
8307941
8308022
8309595
8309602
8310098
8310692
8310800
8310906
8311045
8311888
8312194
8315163
8315389
8316492
8316627
8318588
8320205
8323082
8323333
8324000
8324003
8326021
8326230
8326823
8328886
8332061
8335403
8337829
8339415
8339731
8339734
8340230
8341841
8342085
8342866
8343364
8343584
8343680
8345796
8346407
8347395
8347878
8348966
8349160
8349567
8350602
8350670
8352068
8354864
8356602
8357417
8357715
8361249
8362857
8363144
8363447
8363946
8364548
8364768
8368272
8368440
8370031
8372273
8373921
8374535
8375841
8386393
8386845
8389066
8389302
8389963
8390186
8390753
8391070
8391289
8395188
8397100
8397552
8398899
8398921
8398925
8400006
8401721
8402331
8403254
8404023
8404602
8404736
8406972
8407237
8407636
8407738
8409577
8410437
8410594
8411961
8412131
8412631
8413183
8413423
8414282
8416755
8419735
8420347
8421036
8421231
8424854
8424947
8426978
8427103
8429193
8433896
8434020
8435103
8437164
8437312
8437411
8437596
8438317
8438485
8439988
8441275
8441503
8442052
8442944
8445752
8446641
8446886
8448019
8448282
8449144
8451193
8451438
8451947
8453145
8453202
8454146
8454185
8454910
8454942
8456411
8461332
8461838
8463466
8463770
8464081
8466269
8466519
8467059
8467218
8467829
8471623
8472920
8472966
8473225
8474894
8474940
8475809
8476239
8477127
8477284
8477688
8478253
8481099
8481906
8482223
8484156
8484534
8484694
8486322
8487112
8490869
8491218
8491773
8494133
8494917
8495390
8495521
8495949
8496011
8496764
8498236
8499155
8499540
8499570
8500312
8502977
8503225
8506158
8506435
8506731
8507477
8508799
8510105
8512257
8512754
8513344
8516282
8516636
8518014
8520934
8521407
8522934
8523176
8523568
8524271
8524655
8526186
8526939
8527012
8527128
8528177
8528593
8531554
8532435
8537240
8537410
8537557
8537816
8538153
8538894
8538922
8539217
8544253
8546238
8547498
8547749
8548768
8551656
8552256
8553737
8554369
8554422
8554527
8554563
8555190
8555218
8556639
8556807
8557574
8557868
8559787
8560265
8561472
8562121
8563859
8565451
8565751
8566058
8567513
8570422
8570585
8570675
8571740
8572075
8572622
8574259
8576190
8577586
8577731
8577866
8578863
8581575
8582152
8582317
8583406
8583538
8583694
8583821
8584116
8585967
8586163
8587273
8588649
8590084
8590166
8590222
8591106
8592985
8593195
8593458
8594243
8594462
8594697
8595526
8595892
8597787
8598556
8600884
8601180
8601181
8601387
8602173
8602943
8603687
8609185
8609250
8609378
8609982
8611229
8612117
8613294
8615187
8615358
8616500
8617689
8617752
8618318
8618432
8618568
8618813
8619023
8619131
8622577
8623350
8623431
8625731
8626637
8628530
8628709
8629452
8630743
8632419
8632735
8634148
8634736
8636842
8638184
8638476
8639718
8641429
8643817
8644449
8644513
8644682
8645489
8645794
8646300
8647663
8651001
8651816
8652253
8652399
8653132
8655155
8655408
8655450
8655471
8656156
8656571
8656727
8656869
8657227
8658062
8658723
8659810
8659864
8660158
8662011
8663205
8666449
8666735
8666882
8667696
8670679
8672221
8672515
8672657
8674090
8676608
8679877
8682363
8682457
8683673
8683916
8684339
8686491
8687216
8688233
8688943
8690617
8690829
8691359
8692243
8692283
8693574
8693813
8695464
8696212
8696366
8696775
8697220
8697466
8699418
8701318
8701769
8702374
8702551
8703596
8705523
8705772
8705852
8706919
8709611
8710441
8710458
8711450
8712196
8712706
8712783
8713816
8714767
8715048
8720582
8722521
8723180
8723848
8724544
8728017
8729209
8731366
8732340
8734211
8735599
8736516
8740502
8742755
8744169
8745404
8745573
8745764
8746858
8747149
8748180
8748566
8749366
8749704
8752202
8753113
8753718
8754043
8755802
8757446
8757894
8758094
8758256
8759431
8761708
8762224
8762697
8763377
8764371
8766062
8766941
8767360
8767876
8769586
8769588
8772173
8773347
8773530
8774297
8774464
8776521
8778488
8779078
8780956
8781014
8782923
8783989
8784185
8784764
8784786
8784861
8784891
8786749
8791026
8791098
8791369
8791588
8792238
8792371
8793227
8793349
8793613
8794607
8795498
8796043
8796080
8796499
8797520
8798813
8798839
8801492
8801632
8802259
8802369
8804281
8804597
8807072
8807420
8810037
8810389
8810525
8810747
8810840
8812129
8812473
8813253
8813578
8815270
8815774
8816304
8817308
8817912
8818594
8820239
8820386
8822695
8825900
8826197
8826823
8828579
8830078
8830278
8830979
8832053
8835499
8836643
8837337
8840371
8841707
8843002
8843714
8844099
8844320
8844320
8845166
8846360
8846419
8847519
8849707
8850405
8850975
8851203
8852859
8853559
8854968
8855034
8855425
8856050
8856075
8857377
8859728
8859914
8862160
8863096
8863195
8865255
8866569
8866752
8867431
8868256
8868376
8868864
8869188
8872561
8872962
8874577
8875295
8876060
8876225
8876426
8876809
8878022
8878962
8880793
8882281
8882386
8882451
8882546
8884222
8884428
8885664
8885988
8886973
8887003
8887687
8889096
8890240
8891167
8891430
8891637
8892108
8892353
8894582
8894608
8896980
8897296
8897789
8898360
8900722
8901440
8901515
8901778
8903479
8903841
8904742
8905216
8905466
8905856
8906196
8906900
8908290
8909383
8911213
8911850
8914629
8915430
8915810
8915938
8916254
8916627
8917357
8917649
8917947
8918528
8919425
8921308
8923229
8923800
8923970
8924086
8925920
8926598
8927727
8928387
8929608
8930264
8930744
8931939
8932333
8933232
8934406
8936227
8936662
8936981
8937168
8940054
8940200
8940354
8940980
8941554
8941965
8942973
8943035
8943825
8944046
8945881
8947599
8948140
8949398
8950514
8951277
8954787
8955550
8958008
8958525
8958967
8959814
8960434
8963582
8963605
8963649
8967075
8967544
8968740
8971511
8971613
8974607
8976390
8977337
8978766
8984210
8984286
8984418
8985383
8985712
8986168
8988029
8988922
8989856
8990751
8991134
8992155
8993429
8994475
8999313
9002274
9003305
9003351
9003672
9004122
9004173
9005067
9005392
9005494
9006021
9007420
9007738
9007962
9008199
9010251
9010668
9011091
9013334
9013829
9013934
9015649
9015970
9017884
9018798
9019860
9020328
9020464
9020699
9022884
9024594
9024911
9025985
9026719
9028181
9030886
9035245
9036088
9037435
9038376
9039951
9040894
9041110
9043162
9043509
9043603
9043741
9045219
9045762
9047248
9051189
9054291
9058924
9059329
9059532
9059869
9061292
9061992
9063464
9070097
9070249
9070905
9074375
9075310
9076159
9076214
9076477
9077513
9078105
9080060
9080388
9081285
9081422
9083312
9083434
9085242
9086589
9088053
9088336
9088875
9088998
9089225
9090086
9090639
9092016
9092229
9092838
9093258
9093446
9093643
9093881
9093897
9094303
9098048
9098901
9100635
9101246
9107247
9107744
9108114
9109651
9110251
9111669
9111839
9112280
9114665
9114807
9116159
9116674
9118830
9119874
9121633
9124048
9124295
9125623
9125751
9128295
9128742
9128800
9128850
9130272
9130411
9130440
9130503
9130864
9132117
9133594
9134237
9134328
9134837
9135440
9136028
9137950
9138130
9139354
9139653
9140106
9140844
9141206
9143444
9143872
9144311
9144954
9145529
9145679
9149358
9149534
9151023
9152265
9153035
9155121
9155367
9155662
9157118
9158594
9159131
9159446
9160505
9163011
9164480
9165642
9167723
9167758
9168120
9168775
9169684
9169928
9170952
9172661
9174024
9175924
9178247
9179623
9179968
9180736
9180737
9181430
9181786
9182279
9184965
9185039
9185455
9186282
9186467
9186592
9186993
9188272
9188328
9188650
9189912
9190273
9191383
9191780
9192549
9192761
9193257
9193636
9194395
9195214
9195967
9196570
9196651
9197113
9199834
9201646
9202563
9203527
9203833
9206252
9207542
9210137
9210885
9211909
9212526
9214124
9216961
9217347
9217905
9219888
9221097
9222820
9224878
9226175
9226703
9227646
9227787
9227979
9228041
9228258
9228458
9228583
9229098
9231054
9231785
9234001
9235273
9235919
9236982
9237681
9238269
9238746
9239073
9239488
9239508
9239883
9241657
9242475
9242981
9243635
9244207
9244360
9244469
9244708
9245478
9247111
9248361
9248400
9248918
9248975
9250444
9252362
9252999
9254988
9256568
9258863
9259812
9261879
9262147
9263549
9265185
9265384
9266639
9268988
9269592
9270116
9270662
9271521
9271706
9272941
9273444
9274142
9275104
9277103
9279014
9280023
9280045
9280336
9280421
9280467
9280930
9281561
9281777
9290741
9291240
9291263
9291628
9292863
9294205
9294899
9295189
9295408
9295766
9298574
9299886
9300105
9300615
9301179
9303052
9303267
9305436
9306045
9306228
9306417
9307909
9308517
9308944
9309513
9311432
9313180
9313750
9314406
9315157
9316510
9317219
9317359
9320096
9320514
9323215
9323478
9323815
9323855
9324239
9330190
9330642
9331339
9331970
9333239
9333773
9334120
9334155
9337140
9339059
9341297
9341743
9342632
9343932
9344350
9344824
9346083
9348388
9348499
9349137
9349594
9350231
9351662
9351705
9352726
9353499
9353617
9357892
9358469
9358501
9358594
9358818
9358932
9362738
9363021
9366637
9367729
9368915
9369180
9369763
9370140
9370211
9371177
9377001
9377469
9378025
9378277
9379128
9380297
9383794
9384294
9386257
9388855
9389704
9390245
9390252
9391049
9391164
9391239
9391551
9392196
9392740
9395123
9395733
9395948
9396150
9399114
9400756
9401580
9402102
9403459
9405117
9407342
9407558
9408578
9408823
9409198
9410309
9410603
9410794
9412062
9413257
9415188
9415275
9416085
9417744
9418654
9419267
9419434
9419685
9419797
9419814
9419984
9420019
9422295
9423437
9426041
9426488
9426875
9430342
9431517
9431869
9432794
9434302
9437494
9438042
9438505
9439531
9442812
9443088
9444405
9444631
9445624
9446998
9447742
9449473
9449561
9450038
9451479
9451555
9451818
9452476
9452518
9454320
9454847
9456587
9458348
9458417
9460782
9460864
9461149
9463466
9464779
9466429
9467027
9468353
9468452
9468562
9473704
9473826
9474423
9474657
9477628
9477971
9478041
9479210
9479561
9481332
9481973
9482622
9485944
9486220
9488241
9488341
9495942
9499711
9502383
9502821
9505054
9505511
9507528
9508365
9508791
9509085
9509482
9511588
9513305
9517348
9517659
9519702
9520045
9521573
9522095
9522414
9523199
9523231
9523999
9524984
9525798
9526584
9527777
9527809
9528208
9530044
9530085
9530473
9530585
9532448
9532574
9532990
9533307
9533790
9534251
9535137
9536150
9538828
9539403
9539730
9541229
9543452
9546230
9546673
9548191
9549101
9549386
9549805
9552311
9553298
9553474
9555579
9558401
9558538
9559268
9559552
9559930
9560648
9560968
9561469
9562195
9563336
9563424
9563509
9565116
9565393
9565771
9566106
9566829
9568456
9568667
9568805
9570751
9571212
9571510
9572116
9572497
9572666
9572903
9573307
9574879
9575850
9576531
9578056
9578318
9579457
9579517
9579527
9580519
9581413
9581570
9582919
9585333
9588432
9589708
9590744
9591840
9591898
9593455
9594094
9594715
9595197
9597471
9597564
9597953
9598042
9599656
9600070
9600183
9600778
9601168
9602391
9603110
9603547
9605449
9606934
9607302
9608132
9609206
9611545
9613657
9614399
9615692
9616179
9621665
9624389
9624755
9625225
9626397
9627252
9629455
9630373
9631159
9631423
9632207
9632733
9634460
9634664
9635633
9640124
9640652
9641934
9646490
9647429
9647450
9648675
9648678
9648710
9648968
9649317
9649334
9653214
9656099
9656420
9658111
9658872
9659727
9662798
9665302
9665550
9665951
9666278
9666655
9668234
9668469
9669319
9669524
9669904
9670900
9671253
9671488
9671764
9671786
9672368
9672429
9672510
9674214
9675088
9675779
9676629
9677832
9681149
9681415
9682307
9682543
9683009
9683304
9683644
9684290
9685480
9686348
9686981
9687475
9687861
9688975
9689046
9689116
9689899
9691286
9691594
9694199
9694426
9694848
9695827
9695949
9697836
9698917
9699766
9700179
9700319
9701364
9703041
9706100
9711330
9711758
9712455
9715116
9715565
9716416
9717238
9719572
9724418
9724868
9726025
9727784
9730759
9731506
9732459
9732820
9733267
9733518
9737165
9738540
9738707
9739530
9739884
9740251
9740571
9743509
9745461
9745876
9746359
9746477
9746656
9747027
9747124
9747352
9748807
9750906
9751806
9752284
9752410
9754364
9754928
9754973
9754998
9755883
9755925
9756524
9757942
9758198
9761656
9762190
9762193
9762635
9763017
9763707
9766083
9766606
9766983
9767421
9768375
9768705
9768999
9770766
9771960
9772260
9775069
9777318
9778276
9778529
9779018
9779412
9779552
9780456
9780776
9782108
9783515
9784522
9785451
9786336
9788339
9788438
9789773
9790197
9791413
9792777
9793642
9793917
9794157
9795155
9795869
9796190
9796813
9799128
9800853
9802307
9803456
9804264
9804861
9805945
9806093
9807866
9809546
9809997
9810274
9810513
9811215
9811285
9811804
9813074
9813322
9813523
9815713
9816012
9816910
9817420
9818658
9827004
9827811
9829354
9830330
9830701
9833028
9833527
9834962
9840415
9840543
9840697
9841668
9841703
9844442
9845375
9845704
9847369
9849656
9850926
9851321
9851908
9852513
9853417
9853951
9854548
9855882
9860748
9861514
9861996
9861998
9862034
9864202
9864812
9865897
9866180
9866205
9866304
9870156
9873441
9875612
9876884
9878597
9880461
9880683
9881472
9882202
9882860
9883471
9884429
9884647
9885058
9885307
9886556
9886746
9888251
9888418
9888833
9889894
9890564
9891446
9893575
9894434
9897537
9898656
9899866
9900005
9900339
9901623
9902208
9902634
9905119
9905473
9905939
9907688
9908682
9910863
9911115
9912440
9913989
9915041
9915388
9915538
9916436
9917310
9919365
9919699
9921474
9924121
9924493
9924905
9924935
9925810
9926887
9928601
9928887
9929543
9929647
9929807
9930222
9931025
9932429
9932953
9936265
9936955
9936991
9941140
9942207
9942440
9943099
9943848
9944092
9944455
9944473
9945116
9947835
9948031
9954505
9954664
9955278
9956430
9959329
9961856
9963496
9964542
9964627
9965068
9965310
9965585
9966378
9966585
9967137
9969700
9969854
9972355
9974487
9974968
9975644
9976077
9977380
9977830
9978507
9979058
9979425
9979856
9981292
9981913
9982255
9983227
9983962
9988745
9991142
9992281
9992560
9993074
9993765
9995442
9995649
9995654
9995817
9997427
9998192
9999107
9999165