-50
-50
-50
-50
-50
-50
-50
-50
-50
-50
-50
-50
-50
-50
-50
-50
-50
-50
-50
-50
-50
-50
-50
-50
-50
-50
-50
-50
-50
-50
-50
-50
-50
-50
-50
-50
-49
-49
-49
-49
-49
-49
-49
-49
-49
-49
-49
-49
-49
-49
-49
-49
-49
-49
-49
-49
-49
-49
-49
-49
-49
-49
-49
-49
-49
-49
-49
-49
-49
-49
-49
-49
-49
-49
-49
-49
-49
-49
-49
-49
-49
-49
-49
-49
-49
-49
-49
-49
-49
-49
-48
-48
-48
-48
-48
-48
-48
-48
-48
-48
-48
-48
-48
-48
-48
-48
-48
-48
-48
-48
-48
-48
-48
-48
-48
-48
-48
-48
-48
-48
-48
-48
-48
-48
-48
-48
-48
-48
-48
-48
-48
-48
-48
-48
-48
-48
-48
-48
-48
-48
-48
-48
-48
-48
-47
-47
-47
-47
-47
-47
-47
-47
-47
-47
-47
-47
-47
-47
-47
-47
-47
-47
-47
-47
-47
-47
-47
-47
-47
-47
-47
-47
-47
-47
-47
-47
-47
-47
-47
-47
-47
-47
-47
-47
-47
-47
-47
-47
-47
-47
-47
-47
-47
-47
-47
-47
-47
-47
-47
-47
-46
-46
-46
-46
-46
-46
-46
-46
-46
-46
-46
-46
-46
-46
-46
-46
-46
-46
-46
-46
-46
-46
-46
-46
-46
-46
-46
-46
-46
-46
-46
-46
-46
-46
-46
-46
-46
-46
-46
-46
-46
-46
-46
-46
-46
-46
-46
-45
-45
-45
-45
-45
-45
-45
-45
-45
-45
-45
-45
-45
-45
-45
-45
-45
-45
-45
-45
-45
-45
-45
-45
-45
-45
-45
-45
-45
-45
-45
-45
-45
-45
-45
-45
-45
-45
-45
-45
-45
-45
-45
-45
-45
-45
-45
-45
-45
-45
-45
-45
-45
-45
-45
-44
-44
-44
-44
-44
-44
-44
-44
-44
-44
-44
-44
-44
-44
-44
-44
-44
-44
-44
-44
-44
-44
-44
-44
-44
-44
-44
-44
-44
-44
-44
-44
-44
-44
-44
-44
-44
-44
-44
-44
-44
-44
-44
-44
-44
-44
-44
-44
-44
-44
-44
-43
-43
-43
-43
-43
-43
-43
-43
-43
-43
-43
-43
-43
-43
-43
-43
-43
-43
-43
-43
-43
-43
-43
-43
-43
-43
-43
-43
-43
-43
-43
-43
-43
-43
-43
-43
-43
-43
-43
-43
-43
-43
-43
-43
-42
-42
-42
-42
-42
-42
-42
-42
-42
-42
-42
-42
-42
-42
-42
-42
-42
-42
-42
-42
-42
-42
-42
-42
-42
-42
-42
-42
-42
-42
-42
-42
-42
-42
-42
-42
-42
-42
-42
-42
-42
-42
-42
-42
-42
-42
-42
-42
-41
-41
-41
-41
-41
-41
-41
-41
-41
-41
-41
-41
-41
-41
-41
-41
-41
-41
-41
-41
-41
-41
-41
-41
-41
-41
-41
-41
-41
-41
-41
-41
-41
-41
-41
-41
-41
-41
-41
-41
-41
-41
-41
-41
-41
-41
-41
-41
-41
-41
-41
-41
-40
-40
-40
-40
-40
-40
-40
-40
-40
-40
-40
-40
-40
-40
-40
-40
-40
-40
-40
-40
-40
-40
-40
-40
-40
-40
-40
-40
-40
-40
-40
-40
-40
-40
-40
-40
-40
-40
-40
-40
-40
-40
-39
-39
-39
-39
-39
-39
-39
-39
-39
-39
-39
-39
-39
-39
-39
-39
-39
-39
-39
-39
-39
-39
-39
-39
-39
-39
-39
-39
-39
-39
-39
-39
-39
-39
-39
-39
-39
-39
-39
-39
-39
-39
-39
-39
-39
-39
-39
-38
-38
-38
-38
-38
-38
-38
-38
-38
-38
-38
-38
-38
-38
-38
-38
-38
-38
-38
-38
-38
-38
-38
-38
-38
-38
-38
-38
-38
-38
-38
-38
-38
-38
-38
-38
-38
-38
-38
-38
-38
-38
-38
-38
-38
-38
-38
-38
-38
-38
-38
-38
-37
-37
-37
-37
-37
-37
-37
-37
-37
-37
-37
-37
-37
-37
-37
-37
-37
-37
-37
-37
-37
-37
-37
-37
-37
-37
-37
-37
-37
-37
-37
-37
-37
-37
-37
-37
-37
-37
-37
-37
-37
-37
-37
-37
-37
-37
-37
-37
-37
-36
-36
-36
-36
-36
-36
-36
-36
-36
-36
-36
-36
-36
-36
-36
-36
-36
-36
-36
-36
-36
-36
-36
-36
-36
-36
-36
-36
-36
-36
-36
-36
-36
-36
-36
-36
-36
-36
-36
-36
-36
-36
-36
-36
-36
-36
-36
-36
-36
-36
-36
-36
-36
-36
-35
-35
-35
-35
-35
-35
-35
-35
-35
-35
-35
-35
-35
-35
-35
-35
-35
-35
-35
-35
-35
-35
-35
-35
-35
-35
-35
-35
-35
-35
-35
-35
-35
-35
-35
-35
-35
-35
-35
-35
-34
-34
-34
-34
-34
-34
-34
-34
-34
-34
-34
-34
-34
-34
-34
-34
-34
-34
-34
-34
-34
-34
-34
-34
-34
-34
-34
-34
-34
-34
-34
-34
-34
-34
-34
-34
-34
-34
-34
-34
-34
-34
-34
-34
-34
-34
-34
-34
-34
-34
-34
-34
-34
-34
-33
-33
-33
-33
-33
-33
-33
-33
-33
-33
-33
-33
-33
-33
-33
-33
-33
-33
-33
-33
-33
-33
-33
-33
-33
-33
-33
-33
-33
-33
-33
-33
-33
-33
-33
-33
-33
-33
-33
-33
-33
-33
-33
-33
-33
-33
-33
-33
-33
-33
-33
-33
-32
-32
-32
-32
-32
-32
-32
-32
-32
-32
-32
-32
-32
-32
-32
-32
-32
-32
-32
-32
-32
-32
-32
-32
-32
-32
-32
-32
-32
-32
-32
-32
-32
-32
-32
-32
-32
-32
-32
-32
-32
-32
-32
-31
-31
-31
-31
-31
-31
-31
-31
-31
-31
-31
-31
-31
-31
-31
-31
-31
-31
-31
-31
-31
-31
-31
-31
-31
-31
-31
-31
-31
-31
-31
-31
-31
-31
-31
-31
-31
-31
-31
-31
-31
-31
-31
-31
-31
-31
-31
-31
-31
-31
-30
-30
-30
-30
-30
-30
-30
-30
-30
-30
-30
-30
-30
-30
-30
-30
-30
-30
-30
-30
-30
-30
-30
-30
-30
-30
-30
-30
-30
-30
-30
-30
-30
-30
-30
-30
-30
-30
-30
-30
-30
-30
-30
-30
-29
-29
-29
-29
-29
-29
-29
-29
-29
-29
-29
-29
-29
-29
-29
-29
-29
-29
-29
-29
-29
-29
-29
-29
-29
-29
-29
-29
-29
-29
-29
-29
-29
-29
-29
-29
-29
-29
-29
-29
-29
-29
-29
-29
-29
-29
-29
-29
-29
-29
-29
-29
-29
-29
-29
-29
-28
-28
-28
-28
-28
-28
-28
-28
-28
-28
-28
-28
-28
-28
-28
-28
-28
-28
-28
-28
-28
-28
-28
-28
-28
-28
-28
-28
-28
-28
-28
-28
-28
-28
-28
-28
-28
-28
-28
-28
-28
-28
-28
-28
-28
-28
-28
-28
-28
-28
-28
-28
-28
-28
-28
-28
-27
-27
-27
-27
-27
-27
-27
-27
-27
-27
-27
-27
-27
-27
-27
-27
-27
-27
-27
-27
-27
-27
-27
-27
-27
-27
-27
-27
-27
-27
-27
-27
-27
-27
-27
-26
-26
-26
-26
-26
-26
-26
-26
-26
-26
-26
-26
-26
-26
-26
-26
-26
-26
-26
-26
-26
-26
-26
-26
-26
-26
-26
-26
-26
-26
-26
-26
-26
-26
-26
-26
-25
-25
-25
-25
-25
-25
-25
-25
-25
-25
-25
-25
-25
-25
-25
-25
-25
-25
-25
-25
-25
-25
-25
-25
-25
-25
-25
-25
-25
-25
-25
-25
-25
-25
-25
-25
-25
-25
-25
-25
-25
-25
-25
-25
-24
-24
-24
-24
-24
-24
-24
-24
-24
-24
-24
-24
-24
-24
-24
-24
-24
-24
-24
-24
-24
-24
-24
-24
-24
-24
-24
-24
-24
-24
-24
-24
-24
-24
-24
-24
-24
-24
-24
-24
-24
-24
-24
-24
-24
-24
-24
-24
-24
-24
-24
-24
-24
-24
-24
-24
-24
-23
-23
-23
-23
-23
-23
-23
-23
-23
-23
-23
-23
-23
-23
-23
-23
-23
-23
-23
-23
-23
-23
-23
-23
-23
-23
-23
-23
-23
-23
-23
-23
-23
-23
-23
-23
-23
-23
-23
-23
-23
-23
-23
-23
-23
-23
-23
-22
-22
-22
-22
-22
-22
-22
-22
-22
-22
-22
-22
-22
-22
-22
-22
-22
-22
-22
-22
-22
-22
-22
-22
-22
-22
-22
-22
-22
-22
-22
-22
-22
-22
-22
-22
-22
-22
-22
-22
-22
-22
-22
-22
-22
-22
-22
-22
-22
-22
-22
-22
-22
-21
-21
-21
-21
-21
-21
-21
-21
-21
-21
-21
-21
-21
-21
-21
-21
-21
-21
-21
-21
-21
-21
-21
-21
-21
-21
-21
-21
-21
-21
-21
-21
-21
-21
-21
-21
-21
-21
-21
-21
-21
-21
-21
-21
-21
-21
-21
-21
-21
-21
-21
-21
-21
-20
-20
-20
-20
-20
-20
-20
-20
-20
-20
-20
-20
-20
-20
-20
-20
-20
-20
-20
-20
-20
-20
-20
-20
-20
-20
-20
-20
-20
-20
-20
-20
-20
-20
-20
-20
-20
-20
-20
-20
-20
-20
-20
-20
-20
-20
-19
-19
-19
-19
-19
-19
-19
-19
-19
-19
-19
-19
-19
-19
-19
-19
-19
-19
-19
-19
-19
-19
-19
-19
-19
-19
-19
-19
-19
-19
-19
-19
-19
-19
-19
-19
-19
-19
-19
-19
-19
-19
-19
-19
-19
-19
-19
-18
-18
-18
-18
-18
-18
-18
-18
-18
-18
-18
-18
-18
-18
-18
-18
-18
-18
-18
-18
-18
-18
-18
-18
-18
-18
-18
-18
-18
-18
-18
-18
-18
-18
-18
-18
-18
-18
-18
-18
-18
-18
-18
-18
-18
-18
-18
-18
-18
-18
-18
-18
-18
-18
-18
-18
-18
-18
-18
-18
-18
-17
-17
-17
-17
-17
-17
-17
-17
-17
-17
-17
-17
-17
-17
-17
-17
-17
-17
-17
-17
-17
-17
-17
-17
-17
-17
-17
-17
-17
-17
-17
-17
-17
-17
-17
-17
-17
-17
-17
-17
-17
-17
-17
-17
-17
-17
-17
-17
-17
-17
-17
-16
-16
-16
-16
-16
-16
-16
-16
-16
-16
-16
-16
-16
-16
-16
-16
-16
-16
-16
-16
-16
-16
-16
-16
-16
-16
-16
-16
-16
-16
-16
-16
-16
-16
-16
-16
-16
-16
-16
-16
-16
-16
-16
-16
-16
-16
-16
-16
-16
-16
-16
-16
-16
-16
-16
-16
-16
-16
-16
-16
-16
-16
-15
-15
-15
-15
-15
-15
-15
-15
-15
-15
-15
-15
-15
-15
-15
-15
-15
-15
-15
-15
-15
-15
-15
-15
-15
-15
-15
-15
-15
-15
-15
-15
-15
-15
-15
-15
-15
-15
-15
-15
-15
-15
-15
-15
-15
-15
-15
-15
-15
-15
-15
-14
-14
-14
-14
-14
-14
-14
-14
-14
-14
-14
-14
-14
-14
-14
-14
-14
-14
-14
-14
-14
-14
-14
-14
-14
-14
-14
-14
-14
-14
-14
-14
-14
-14
-14
-14
-14
-13
-13
-13
-13
-13
-13
-13
-13
-13
-13
-13
-13
-13
-13
-13
-13
-13
-13
-13
-13
-13
-13
-13
-13
-13
-13
-13
-13
-13
-13
-13
-13
-13
-13
-13
-13
-13
-13
-13
-13
-13
-13
-13
-13
-13
-13
-13
-13
-13
-13
-13
-13
-12
-12
-12
-12
-12
-12
-12
-12
-12
-12
-12
-12
-12
-12
-12
-12
-12
-12
-12
-12
-12
-12
-12
-12
-12
-12
-12
-12
-12
-12
-12
-12
-12
-12
-12
-12
-12
-12
-12
-12
-12
-12
-12
-12
-12
-12
-12
-12
-12
-12
-12
-12
-12
-11
-11
-11
-11
-11
-11
-11
-11
-11
-11
-11
-11
-11
-11
-11
-11
-11
-11
-11
-11
-11
-11
-11
-11
-11
-11
-11
-11
-11
-11
-11
-11
-11
-11
-11
-11
-11
-11
-11
-11
-11
-11
-11
-11
-11
-11
-11
-11
-11
-11
-11
-11
-11
-10
-10
-10
-10
-10
-10
-10
-10
-10
-10
-10
-10
-10
-10
-10
-10
-10
-10
-10
-10
-10
-10
-10
-10
-10
-10
-10
-10
-10
-10
-10
-10
-10
-10
-10
-10
-10
-10
-10
-10
-10
-10
-10
-10
-10
-10
-10
-10
-10
-10
-10
-10
-10
-10
-10
-10
-10
-10
-10
-10
-9
-9
-9
-9
-9
-9
-9
-9
-9
-9
-9
-9
-9
-9
-9
-9
-9
-9
-9
-9
-9
-9
-9
-9
-9
-9
-9
-9
-9
-9
-9
-9
-9
-9
-9
-9
-9
-9
-9
-9
-9
-9
-9
-9
-9
-9
-9
-9
-8
-8
-8
-8
-8
-8
-8
-8
-8
-8
-8
-8
-8
-8
-8
-8
-8
-8
-8
-8
-8
-8
-8
-8
-8
-8
-8
-8
-8
-8
-8
-8
-8
-8
-8
-8
-8
-8
-8
-8
-7
-7
-7
-7
-7
-7
-7
-7
-7
-7
-7
-7
-7
-7
-7
-7
-7
-7
-7
-7
-7
-7
-7
-7
-7
-7
-7
-7
-7
-7
-7
-7
-7
-7
-7
-7
-7
-7
-7
-7
-7
-7
-7
-7
-7
-7
-7
-7
-7
-7
-7
-7
-7
-7
-7
-7
-7
-7
-6
-6
-6
-6
-6
-6
-6
-6
-6
-6
-6
-6
-6
-6
-6
-6
-6
-6
-6
-6
-6
-6
-6
-6
-6
-6
-6
-6
-6
-6
-6
-6
-6
-6
-6
-6
-6
-6
-6
-6
-6
-6
-6
-6
-5
-5
-5
-5
-5
-5
-5
-5
-5
-5
-5
-5
-5
-5
-5
-5
-5
-5
-5
-5
-5
-5
-5
-5
-5
-5
-5
-5
-5
-5
-5
-5
-5
-5
-5
-5
-5
-5
-5
-5
-5
-5
-5
-5
-5
-5
-5
-5
-5
-5
-5
-5
-5
-5
-4
-4
-4
-4
-4
-4
-4
-4
-4
-4
-4
-4
-4
-4
-4
-4
-4
-4
-4
-4
-4
-4
-4
-4
-4
-4
-4
-4
-4
-4
-4
-4
-4
-4
-4
-4
-4
-4
-4
-4
-4
-3
-3
-3
-3
-3
-3
-3
-3
-3
-3
-3
-3
-3
-3
-3
-3
-3
-3
-3
-3
-3
-3
-3
-3
-3
-3
-3
-3
-3
-3
-3
-3
-3
-3
-3
-3
-3
-3
-3
-3
-3
-3
-3
-3
-3
-2
-2
-2
-2
-2
-2
-2
-2
-2
-2
-2
-2
-2
-2
-2
-2
-2
-2
-2
-2
-2
-2
-2
-2
-2
-2
-2
-2
-2
-2
-2
-2
-2
-2
-2
-2
-2
-2
-2
-2
-2
-2
-2
-2
-2
-2
-2
-2
-2
-2
-1
-1
-1
-1
-1
-1
-1
-1
-1
-1
-1
-1
-1
-1
-1
-1
-1
-1
-1
-1
-1
-1
-1
-1
-1
-1
-1
-1
-1
-1
-1
-1
-1
-1
-1
-1
-1
-1
-1
-1
-1
-1
-1
-1
-1
-1
-1
-1
-1
-1
-1
-1
-1
0
0
0
0
0
0
0
0
0
0
0
0
0
0
0
0
0
0
0
0
0
0
0
0
0
0
0
0
0
0
0
0
0
0
0
0
0
0
0
0
0
0
0
0
0
0
0
0
0
0
0
0
0
0
0
0
0
0
0
0
0
0
0
0
0
0
1
1
1
1
1
1
1
1
1
1
1
1
1
1
1
1
1
1
1
1
1
1
1
1
1
1
1
1
1
1
1
1
1
1
1
1
1
1
1
1
1
1
1
1
1
1
1
1
1
1
1
1
1
2
2
2
2
2
2
2
2
2
2
2
2
2
2
2
2
2
2
2
2
2
2
2
2
2
2
2
2
2
2
2
2
2
2
2
2
2
2
2
2
2
2
2
3
3
3
3
3
3
3
3
3
3
3
3
3
3
3
3
3
3
3
3
3
3
3
3
3
3
3
3
3
3
3
3
3
3
3
3
3
3
3
4
4
4
4
4
4
4
4
4
4
4
4
4
4
4
4
4
4
4
4
4
4
4
4
4
4
4
4
4
4
4
4
4
4
4
4
4
4
4
4
4
4
4
4
4
4
4
4
4
4
4
4
4
4
4
5
5
5
5
5
5
5
5
5
5
5
5
5
5
5
5
5
5
5
5
5
5
5
5
5
5
5
5
5
5
5
5
5
5
5
5
5
5
5
5
5
5
5
5
5
5
5
5
5
5
5
5
5
5
5
6
6
6
6
6
6
6
6
6
6
6
6
6
6
6
6
6
6
6
6
6
6
6
6
6
6
6
6
6
6
6
6
6
6
6
6
6
6
6
6
6
6
6
6
6
6
6
6
6
6
6
6
6
6
6
6
6
6
7
7
7
7
7
7
7
7
7
7
7
7
7
7
7
7
7
7
7
7
7
7
7
7
7
7
7
7
7
7
7
7
7
7
7
7
7
7
7
7
7
7
7
7
7
7
7
7
8
8
8
8
8
8
8
8
8
8
8
8
8
8
8
8
8
8
8
8
8
8
8
8
8
8
8
8
8
8
8
8
8
8
8
8
8
8
8
8
8
8
8
8
8
8
9
9
9
9
9
9
9
9
9
9
9
9
9
9
9
9
9
9
9
9
9
9
9
9
9
9
9
9
9
9
9
9
10
10
10
10
10
10
10
10
10
10
10
10
10
10
10
10
10
10
10
10
10
10
10
10
10
10
10
10
10
10
10
10
10
10
10
10
10
10
10
10
10
10
10
11
11
11
11
11
11
11
11
11
11
11
11
11
11
11
11
11
11
11
11
11
11
11
11
11
11
11
11
11
11
11
11
11
11
11
11
11
11
11
11
11
11
11
11
11
11
11
11
11
11
11
12
12
12
12
12
12
12
12
12
12
12
12
12
12
12
12
12
12
12
12
12
12
12
12
12
12
12
12
12
12
12
12
12
12
12
12
12
12
12
12
12
12
12
12
12
12
12
12
12
13
13
13
13
13
13
13
13
13
13
13
13
13
13
13
13
13
13
13
13
13
13
13
13
13
13
13
13
13
13
13
13
13
13
13
13
13
13
13
13
13
13
14
14
14
14
14
14
14
14
14
14
14
14
14
14
14
14
14
14
14
14
14
14
14
14
14
14
14
14
14
14
14
14
14
14
14
14
14
14
14
14
14
14
14
14
14
14
14
14
14
14
14
14
14
14
14
14
14
14
15
15
15
15
15
15
15
15
15
15
15
15
15
15
15
15
15
15
15
15
15
15
15
15
15
15
15
15
15
15
15
15
15
15
15
15
15
15
15
15
15
15
15
15
15
15
15
15
15
15
15
15
15
15
15
15
15
15
15
15
15
15
15
15
15
15
15
15
15
15
16
16
16
16
16
16
16
16
16
16
16
16
16
16
16
16
16
16
16
16
16
16
16
16
16
16
16
16
16
16
16
16
16
16
16
16
16
16
16
16
16
16
16
16
16
16
16
17
17
17
17
17
17
17
17
17
17
17
17
17
17
17
17
17
17
17
17
17
17
17
17
17
17
17
17
17
17
17
17
17
17
17
17
17
17
17
17
17
17
17
17
17
17
17
17
17
17
18
18
18
18
18
18
18
18
18
18
18
18
18
18
18
18
18
18
18
18
18
18
18
18
18
18
18
18
18
18
18
18
18
18
18
18
18
18
18
18
18
18
18
18
18
18
18
18
18
18
18
18
18
18
18
18
18
18
18
18
18
18
18
18
19
19
19
19
19
19
19
19
19
19
19
19
19
19
19
19
19
19
19
19
19
19
19
19
19
19
19
19
19
19
19
19
19
19
19
19
19
19
19
19
19
19
19
19
19
19
19
19
19
19
19
19
19
19
19
19
19
19
19
20
20
20
20
20
20
20
20
20
20
20
20
20
20
20
20
20
20
20
20
20
20
20
20
20
20
20
20
20
20
20
20
20
20
20
20
20
20
20
20
20
20
20
20
20
20
20
20
20
20
20
21
21
21
21
21
21
21
21
21
21
21
21
21
21
21
21
21
21
21
21
21
21
21
21
21
21
21
21
21
21
21
21
21
21
21
21
21
21
21
21
21
21
21
21
21
21
22
22
22
22
22
22
22
22
22
22
22
22
22
22
22
22
22
22
22
22
22
22
22
22
22
22
22
22
22
22
22
22
22
22
22
22
22
22
22
22
22
22
22
22
22
22
22
22
22
22
22
22
22
22
23
23
23
23
23
23
23
23
23
23
23
23
23
23
23
23
23
23
23
23
23
23
23
23
23
23
23
23
23
23
23
23
23
23
23
23
23
23
23
23
23
23
23
23
23
23
24
24
24
24
24
24
24
24
24
24
24
24
24
24
24
24
24
24
24
24
24
24
24
24
24
24
24
24
24
24
24
24
24
24
24
24
24
24
24
24
24
24
24
24
24
24
24
24
24
24
24
25
25
25
25
25
25
25
25
25
25
25
25
25
25
25
25
25
25
25
25
25
25
25
25
25
25
25
25
25
25
25
25
25
25
25
25
25
25
25
25
25
25
25
25
25
25
25
25
25
25
25
25
25
25
25
25
25
25
25
26
26
26
26
26
26
26
26
26
26
26
26
26
26
26
26
26
26
26
26
26
26
26
26
26
26
26
26
26
26
26
26
26
26
26
26
26
26
26
26
26
26
26
26
26
26
26
26
27
27
27
27
27
27
27
27
27
27
27
27
27
27
27
27
27
27
27
27
27
27
27
27
27
27
27
27
27
27
27
27
27
27
27
27
27
27
27
27
27
27
27
28
28
28
28
28
28
28
28
28
28
28
28
28
28
28
28
28
28
28
28
28
28
28
28
28
28
28
28
28
28
28
28
28
28
28
28
28
28
28
28
28
28
28
28
28
28
28
28
28
28
28
28
28
28
28
28
28
28
28
28
29
29
29
29
29
29
29
29
29
29
29
29
29
29
29
29
29
29
29
29
29
29
29
29
29
29
29
29
29
29
29
29
29
29
29
29
29
29
29
29
29
29
29
29
29
29
29
29
29
29
30
30
30
30
30
30
30
30
30
30
30
30
30
30
30
30
30
30
30
30
30
30
30
30
30
30
30
30
30
30
30
30
30
30
30
30
30
30
30
30
30
30
30
31
31
31
31
31
31
31
31
31
31
31
31
31
31
31
31
31
31
31
31
31
31
31
31
31
31
31
31
31
31
31
31
31
31
31
31
31
31
31
31
31
31
31
31
31
31
31
31
32
32
32
32
32
32
32
32
32
32
32
32
32
32
32
32
32
32
32
32
32
32
32
32
32
32
32
32
32
32
32
32
32
32
32
32
32
32
32
32
32
32
32
32
32
32
32
32
32
32
32
32
32
32
33
33
33
33
33
33
33
33
33
33
33
33
33
33
33
33
33
33
33
33
33
33
33
33
33
33
33
33
33
33
33
33
33
33
33
33
33
33
33
33
34
34
34
34
34
34
34
34
34
34
34
34
34
34
34
34
34
34
34
34
34
34
34
34
34
34
34
34
34
34
34
34
34
34
34
34
34
34
34
34
34
34
34
34
34
34
34
34
34
34
34
34
34
34
34
34
35
35
35
35
35
35
35
35
35
35
35
35
35
35
35
35
35
35
35
35
35
35
35
35
35
35
35
35
35
35
35
35
35
35
35
35
35
35
35
35
35
35
36
36
36
36
36
36
36
36
36
36
36
36
36
36
36
36
36
36
36
36
36
36
36
36
36
36
36
36
36
36
36
36
36
36
36
36
36
36
36
36
36
36
36
36
36
36
36
37
37
37
37
37
37
37
37
37
37
37
37
37
37
37
37
37
37
37
37
37
37
37
37
37
37
37
37
37
37
37
37
37
37
37
37
37
37
37
37
37
37
37
37
37
38
38
38
38
38
38
38
38
38
38
38
38
38
38
38
38
38
38
38
38
38
38
38
38
38
38
38
38
38
38
38
38
38
38
38
38
38
38
39
39
39
39
39
39
39
39
39
39
39
39
39
39
39
39
39
39
39
39
39
39
39
39
39
39
39
39
39
39
39
39
39
39
39
39
39
39
39
39
39
39
39
39
39
39
39
39
39
39
40
40
40
40
40
40
40
40
40
40
40
40
40
40
40
40
40
40
40
40
40
40
40
40
40
40
40
40
40
40
40
40
40
40
40
40
40
40
40
40
40
40
40
40
40
40
40
40
40
40
40
41
41
41
41
41
41
41
41
41
41
41
41
41
41
41
41
41
41
41
41
41
41
41
41
41
41
41
41
41
41
41
41
41
41
41
41
41
41
41
41
41
41
41
41
41
41
41
41
41
41
41
41
42
42
42
42
42
42
42
42
42
42
42
42
42
42
42
42
42
42
42
42
42
42
42
42
42
42
42
42
42
42
42
42
42
42
42
42
42
42
42
42
42
42
42
42
42
42
42
42
42
42
42
42
42
42
43
43
43
43
43
43
43
43
43
43
43
43
43
43
43
43
43
43
43
43
43
43
43
43
43
43
43
43
43
43
43
43
43
43
43
43
43
43
43
43
43
43
43
43
43
44
44
44
44
44
44
44
44
44
44
44
44
44
44
44
44
44
44
44
44
44
44
44
44
44
44
44
44
44
44
44
44
44
44
44
44
44
44
44
44
45
45
45
45
45
45
45
45
45
45
45
45
45
45
45
45
45
45
45
45
45
45
45
45
45
45
45
45
45
45
45
45
45
45
45
45
45
45
45
45
45
45
45
45
45
45
45
45
45
45
45
45
45
45
46
46
46
46
46
46
46
46
46
46
46
46
46
46
46
46
46
46
46
46
46
46
46
46
46
46
46
46
46
46
46
46
46
46
46
46
46
46
46
46
46
47
47
47
47
47
47
47
47
47
47
47
47
47
47
47
47
47
47
47
47
47
47
47
47
47
47
47
47
47
47
47
47
47
47
47
47
47
48
48
48
48
48
48
48
48
48
48
48
48
48
48
48
48
48
48
48
48
48
48
48
48
48
48
48
48
48
48
48
48
48
48
48
48
48
48
48
48
48
48
48
48
48
48
48
49
49
49
49
49
49
49
49
49
49
49
49
49
49
49
49
49
49
49
49
49
49
49
49
49
49
49
49
49
49
49
49
49
49
49
49
49
49
49
49
49
49
49
49
49
49
49
49
49
49
49
49
50
50
50
50
50
50
50
50
50
50
50
50
50
50
50
50
50
50
50
50
50
50
50
50
50
50
50
50
50
50
50
50
50
50
50
50
50
50
50
50
50
50
50
50
50
50
50
50
50
50
50
50
50
50
50
50
50
50
50
50
50
10000
500005000966
500412522306
500460264040
500461379887
500629713501
500929439619
500969855004
501008150730
501114805760
501727761974
501772916956
501886483965
501893103018
501966399028
502371959339
502438276243
502449159943
502458036851
502463342264
502673937761
502685677194
502714824571
502804376503
502980658552
503239008723
503282290615
503315020680
503363944899
503366903641
503430153998
503583446019
503583661957
503799962547
504044150990
504117955865
504181987233
504246800175
504251536455
504282125032
504375967676
504444298567
504560123041
504717937494
505428763093
505447492290
505559456355
505709238404
505752161491
505918308316
506521399010
506548154477
506651391922
506687251410
506803698919
506828359171
506880818111
506944443178
506979670134
507004218242
507014212853
507090302527
507090385447
507191006662
507259985889
507266386693
507495509869
507501867309
507719948448
507771195887
507881906085
507941714846
508042100955
508055997066
508078742298
508227187382
508238799265
508288484465
508301645822
508520046508
508553038184
508807532760
508846403128
508933117574
508950140950
508966460868
509002241767
509168716225
509170221526
509300379981
509311912263
509403977277
509656306509
509699331458
509795683557
510142190832
510204821914
510249607496
510625846536
510706664002
510832646875
511033332207
511173168212
511254238683
511289095577
511473542515
511691650241
511782552295
511803888698
511948103606
512100956577
512494923365
512674502721
512768472472
512842852233
512954196117
513043912964
513220974240
513304877301
513454785391
513873341023
513948728867
514003802806
514123010459
514404971531
514554000164
514716769292
514861178041
514894720425
515011269858
515091372685
515135730777
515175438712
515577983032
515792779537
515882278969
515957274354
515997937474
516155133803
516214178168
516369827701
516444480221
516453991659
516502387401
516646822054
516682174269
516744819261
516932190924
517136803942
517142367615
517286047133
517361681954
517362754798
517367374650
517424733077
517526877794
517533234435
517609766367
517938443082
517971135099
517973090871
518066105182
518208790355
518390848766
518442319957
518499487725
518540272867
518602622992
518693108507
518757402930
518776647030
518803448360
518823889943
518947266269
518983611448
519009052117
519047473060
519117668725
519292463115
519320761584
519433478640
519463831828
519674640800
519694360357
519944903947
519951159575
519963827685
520010135975
520015548011
520229783865
520439787896
520454687407
520477582506
520478307233
520501635784
520527134127
520620941590
520840033223
520877180347
520978447118
521050773538
521368111825
521621549586
522160962377
522187183864
522217541439
522251310125
522321990070
522372026313
522404679611
522466563481
522558544470
522564865853
522573061136
522750846033
522830171982
522830903944
523068704307
523087668527
523104751021
523110641522
523151456188
523193416923
523417166803
523671696344
523811353373
523817671906
523827577821
524043059106
524120689536
524167952794
524213405414
524471502208
524501115008
524773104508
524808728211
524824378268
524890772488
524949703296
524994704668
525067473800
525350181364
525627927942
525826685410
526091879985
526247381728
526309069959
526377549803
526377878369
526446223218
526515996400
526590142521
526624941090
526647351616
526679815025
526764108273
526957177890
527133976855
527139406098
527146820304
527211580691
527313487492
527355596143
527576443884
527643804977
527652277090
527712642933
527737172615
527737785751
527818968102
527909248997
527940431877
528011353025
528212436288
528357884772
528369304509
528543849190
528694360861
528703596836
528770411968
528968744060
528975949508
528982396404
529137217719
529326938648
529416575898
529554454763
529642836420
529700076174
529710542458
529830079899
530015932236
530062029295
530067668997
530091740814
530250117347
530299619576
530424210591
530855387108
530859818756
530935066599
530977666574
531120879409
531340559712
531370034558
531513396084
531727906883
531762134812
531789412750
531873378139
532070760379
532115584156
532210006293
532315074381
532400615111
532444892845
532758859859
532775665920
532806238111
532904124899
532956838680
533357503777
533376255878
533466659317
533664691922
533681908329
533736990923
533757508067
533833988928
533863345654
533909955416
534136687581
534162469466
534203769332
534343676773
534392049533
534404784141
534518006806
534632086229
534713988689
534836018791
534907049091
535112139049
535144238044
535206137136
535392997657
535587959146
535716694685
535727622898
535777948181
535821856276
535937714739
535962377377
536096078832
536165531238
536287096697
536339422135
536382401938
536414565534
536597286743
536621623589
536704420862
536719673337
537082465642
537107678045
537151305237
537203360466
537405865621
537422287229
537543323695
537603870842
537710070590
538238679092
538316835877
538499653851
538509643531
538787190207
538813755733
538850001898
538889817311
538917477935
538968786283
539309518919
539472104421
539530494579
539772312232
539783695854
539970403246
540019376078
540061436585
540125456102
540132994122
540158295131
540250540557
540314524708
540349218402
540475704955
540574381482
540647465142
540947462888
540991133787
541049704236
541101312726
541225467264
541416820951
541571202231
541635457905
541653318696
541689171458
541875246075
542000399105
542169675160
542199875590
542200473850
542253701363
542512993991
542558646557
542577971216
542615131287
542702874271
543077662868
543083905874
543123877328
543214786050
543258522100
543356567973
543362433415
543385286890
543389982360
543476416914
543522236520
543542515645
543721769390
543998634295
544095204055
544254530684
544304338723
544405221287
544537881810
544709627475
544917965180
545272182060
545284725177
545307662886
545362093307
545518109302
545572410445
545636113045
545752062467
545981296035
546119929443
546446556907
546670384145
546719985908
546834546433
546962400167
547044015367
547144133065
547357603928
547433927990
547480597935
547941799093
548442654561
548459994744
548532965067
548537850699
548734630030
548799183118
548872703051
548892640254
548942753350
549110274623
549185821509
549338764440
549436239747
549523797803
549588282043
549720140993
549766655241
549768701931
549810229148
549881181869
549961195480
550015370163
550122163802
550137126073
550139033994
550167779000
550217869488
550459374428
550512730635
550529830751
550610733829
550752869843
550770483028
550789994063
550860926184
550882426327
550905929341
550938475793
551078283629
551121784170
551297329851
551726549836
551839812711
552337859145
552432080344
552499426215
552586276024
552654473229
552741522577
552744196723
552923536058
552975923842
553099966011
553181537934
553234377892
553241497488
553243036667
553293180527
553470960206
553830632264
554044959191
554145493000
554237855200
554375415004
554389252296
554465593896
554545477630
554552825800
554595821742
554629293049
554723240285
555163733127
555190670026
555199327985
555239587338
555338154732
555357416914
555664546639
555890787539
555902447287
555928897246
555955593735
556063374981
556082099116
556093094124
556826786295
556851550034
556878981605
557048641523
557241602650
557337498000
557387076432
557423450018
557472781966
557505784626
557756645213
557824705030
558091891477
558382105064
558598270556
558713360659
558817324149
558888479561
558903247227
559010223274
559498656965
559522700542
559535754063
559578078521
559723611050
559772479886
559865245432
559968043312
559990240465
560025294197
560373840195
560412256281
560771942254
560888210122
560912085287
561018727752
561149883980
561174288068
561213892813
561268186828
561446372946
561455399658
561490315073
561649634995
561651388611
561683283328
561786315553
561813178343
561876553634
562016924175
562357593137
562481718622
562568011447
562660917430
562781463774
562795904771
562966856014
563057041646
563137054536
563339431324
563355189268
563616838775
563694870742
563701263071
563799840090
563886740187
563901245517
563956328689
564165467294
564362961396
564434256372
564479359217
564666357272
564755853505
565067930769
565179541987
565245341680
565247580281
565249484529
565320296245
565624194503
565925033279
566062048090
566083820191
566149965626
566242957331
566304686592
566365514777
566465194335
566480686439
566492964617
566514197564
566570497828
566611234526
566625379604
566845134966
566973505523
567117247108
567294889913
567448139146
568120981768
568247255592
568279025456
568471461046
568527892691
568574500965
568647197892
568687646098
568755466618
568765112548
568770429616
568872487247
569123394339
569197336740
569330320173
569473787547
569488983189
569545979034
569554052082
569583150170
569613061038
569614177441
569637200770
569657815572
569736297187
569773680906
569782106962
569834195247
569875673077
569928199906
570007085050
570067639131
570096622877
570251115668
570319203159
570462701744
570484997592
570516650688
570598864730
570614782645
570729547786
570841987623
570990180966
570990574882
571027977765
571204699912
571392753445
571438243293
571613903211
571615114822
571726042439
571726260329
571735928839
571797463370
571802165282
571834223286
571847338858
571897103641
571970685330
571985861490
571996490762
572193631785
572199945553
572223832487
572251198849
572418580929
572523424433
572610184162
572703204941
572713039144
572889059659
573132542160
573137700326
573196136739
573497967098
573513847878
573534992365
573562677319
573689809618
573941721632
573982344882
574065858348
574239238138
574671926522
574705371934
574730894843
574774862640
574988221863
575152517358
575213580897
575346964235
575349660081
575355367929
575447613637
575503805715
575595120940
575626830830
575677502823
575760804376
575799070569
575928693821
575961357705
575966498088
576141526525
576153966672
576205462106
576268320397
576375771314
576434173469
576982224940
577145744575
577269593862
577359113793
577382052773
577395068118
577415530749
577524027463
577543814235
577787094852
577904424371
577927964423
577938034648
578040798066
578301992581
578609510907
578689624863
578692440087
578730537436
578979711920
578998267462
579156650148
579269001438
579282515001
579305371908
579405356814
579523032147
579565970476
579664255074
579710239113
579785807769
579895847692
580223227464
580276381180
580337376289
580455298893
580503978671
580869860432
580906126970
580927403532
581009676062
581028992590
581138100532
581162912950
581243654627
581263606744
581274667564
581384095405
581429828911
581430895800
581444680657
581561689724
581797179887
581811324294
581889008970
581898364621
582602347705
582623498203
582670625266
582877858726
583025113842
583183273135
583456635558
583623617469
583659513007
583881622990
583890345717
583922600792
584035200250
584135939758
584207627645
584420312722
584433030753
584459649102
584533099996
584535881099
584589904286
584746871432
584967663506
584992826025
585143470467
585164219797
585233493524
585315023888
585319110891
585636006800
585658724995
585681980288
585773103216
585860650887
585870954091
585955539697
586076276970
586094619905
586250851533
586342239054
586623594065
586836467293
586837676473
586912798993
586923341684
587136756406
587248779883
587263704176
587291618125
587304900642
587333165759
587773168805
587889491575
587904306274
587917632498
587961775063
588090201265
588162282162
588171343284
588372454092
588653891090
588754779889
588755792806
588982861177
588993240349
589021033718
589182416723
589502381432
589520380525
589621979192
589641149752
589861026511
589892807343
589919993057
589924484345
589967010842
590048686721
590052481147
590113590268
590121225798
590184553159
590303851918
590328914463
590384958051
590518922288
590632996457
590646387840
590747773330
590868029579
591032587004
591035751009
591139981116
591186122844
591197400033
591231136723
591304377540
591370460184
591399950940
591580241778
591684235464
591778903968
591928595464
591977211713
592072867117
592324618086
592534926525
592562000813
592746101850
592757752418
592929385776
593011401698
593026337082
593512437576
593584465983
593915397778
594028942929
594030373378
594255874646
594278822000
594490726348
594614197461
594621193200
594634270209
594765761333
594801193676
594913304929
595081965627
595094735682
595181522659
595262409904
595284971740
595346381260
595437334225
595550598702
595646546502
595768604218
595814196608
596027551964
596137078123
596232140479
596490860171
596496990413
596580963913
596765440031
596854643261
596878415072
596893043120
596953701519
596955078995
597288098111
597335365544
597354330647
597362729372
597622401497
597763011589
597784567682
598064102631
598072248869
598092354332
598145969004
598163883585
598378254956
598382552689
598423313286
598568261174
598771814835
598792783701
598929899541
599092223815
599289260830
599476890593
599558896415
599728490809
599860135820
600093997737
600240314438
600254363334
600331861911
600369285589
600505207441
600506593525
600629399589
600825165928
600936454076
601060696987
601210466288
601222377956
601333713718
601383900748
601412569848
601508137555
601531073717
601645794322
601665806757
602081949024
602232238696
602304324339
602315151532
602397779740
602472363918
602711395409
602811726705
602928438095
603052985734
603071093399
603107420314
603199313178
603340433325
603382858189
603468980635
603572048327
603695202083
603745978282
603854635338
603891028175
603897386570
603958915289
603964741166
604216865843
604273377956
604481197842
604499152962
604506996201
604701588085
604710927192
604729350113
604859049484
604867003346
604991382574
605059823776
605222686374
605406966915
605433167954
605674704150
605724591939
605909100771
606180598028
606266610037
606286870094
606340035540
606347191060
606536250972
606664459754
606771529402
606990920769
607098054935
607099974292
607184850212
607251199375
607378588359
607406682957
607894185429
607931544748
608226518692
608280869373
608320240048
608382187211
608656594065
608864629671
608886289697
608900686475
609022278093
609107993541
609240259765
609256975345
609357965892
609537320333
609682834383
609686005895
609743335469
609884113314
609893977354
609985667590
610025967722
610220520468
610366984348
610381824848
610420837799
610497378064
610585203234
610657391545
610974822525
611090976579
611265711562
611349102058
611360105341
611397506936
611429962107
611471109234
611501890754
611892940578
611933201985
612019616522
612122217123
612131297267
612176264146
612238617511
612313262839
612313449173
612360794196
612488855818
612733531297
612800598095
612911212363
613012655267
613013950810
613077356031
613125744802
613165040997
613243791051
613255347808
613288443447
613328357480
613347253019
613404811027
613560382075
614099677550
614188874878
614314381177
614427116969
614702573174
614870415920
614950691059
614953691782
614973106716
614980339825
615010826428
615196612405
615338062898
615583599269
615600576579
615672109922
615796002269
615820761779
615873810582
616147138736
616262892219
616294833230
616309736719
616432604482
616479111459
616675975527
616809631149
616856962347
616955853196
617069070428
617070136489
617391830274
617584949176
617630814535
617710261065
617749113888
617751442212
617802240123
617806184348
617815765419
617816949462
617835718360
617854545552
618187900825
618246826872
618481779849
618528290742
618551814552
618727714071
618764458701
618885468759
618951487867
618999656676
619048235536
619199130754
619204879381
619285940482
619291581424
619538358239
619800733938
619998556580
620022703567
620043498296
620117397428
620145301392
620205042259
620279947966
620472213591
620565366813
620600605014
620684199703
620808200761
620846806182
620942754988
621011516376
621033374890
621050633591
621239731664
621257842512
621287673094
621307722265
621363102113
621417796473
621481167516
621623985271
621639788440
621642359766
621838449523
621915887046
622017239502
622032694155
622094000806
622099449277
622125075322
622130653423
622178710179
622251361810
622330514649
622338123833
622664376357
622872539112
622874854582
623009909352
623015764976
623016176315
623049066462
623135542703
623333499184
623440505095
623490892572
623663553485
623665351986
623734544812
623766980974
623872770009
623877495444
623929256230
624133935601
624197486072
624306232558
624306662429
624429126551
624629127846
624697898028
624702134764
624844394537
625012215212
625049396044
625356717324
625544058274
625551392500
625613902280
625620048176
625813409326
625842711929
625844046306
626073343050
626086448076
626110737209
626374223222
626489931253
626541017771
626565385961
626575499486
626589755536
626664327873
626665564416
626738570891
626739773897
626801580504
626905900948
626943018658
626947697124
627390702395
627475800457
628000012951
628005389576
628083454833
628156062570
628226394968
628448950554
628489098465
628828867113
628841962584
628945594322
629257474416
629333283098
629413595378
629417912167
629507444854
629553342729
629574171856
629818067001
629835693293
630003626977
630059655034
630333969231
630339698919
630358821987
630365863354
630515858103
630637705907
630855764614
630857712507
630878384844
631169909806
631551272520
631816924378
631849833335
631904784666
632108541404
632109265812
632147283263
632218976962
632406780534
632669619925
632763802242
632984027191
633303108435
633343294464
633352896892
633589534145
633698087448
633729648334
633895256128
634003106846
634094614015
634101166514
634184287646
634266424323
634292953858
634396575983
634532210897
634541607929
634641578702
634650459472
634657443479
634695150362
634794694634
634987896571
635285060620
635436707566
635458249313
635569541957
635775900109
635799037984
635830863983
636010385046
636050301739
636064004421
636107196080
636303353272
636390986660
636476691239
636618717336
636662235899
636666148188
636675455452
636683789472
636715381539
636763707470
636775911941
636824701289
637100768148
637110758359
637348497932
637400876604
637402814133
637748505715
637806027469
637841687811
637841846659
637854743147
637863252841
638074378837
638091624761
638110223529
638113315564
638242101582
638283635618
638348602878
638450960276
638469330905
638733710048
638803167142
638829499352
638915321309
638994389550
639016935082
639047033154
639153067453
639161038657
639279206163
639291243000
639419963245
639438925824
639491030126
639529269520
639609571708
639637942249
639665712122
639790599277
639794247303
639998027898
640047356106
640153010111
640168586181
640175729571
640221309522
640293398767
640331549810
640335808638
640367979192
640379657525
640419358603
640819772778
641105786716
641137593499
641253940114
641401004127
641454855434
641491129413
641525854147
641625041456
641795862073
641805950187
641860461130
642047338292
642132492769
642205003125
642312936069
642322054212
642340027753
642535435011
642647097214
642647639954
642676819393
642764261098
643079169845
643145973303
643389004136
643399868534
643557195555
643639151412
643839182701
643848738378
643851567276
643885633278
643920499870
643921257932
644088944749
644114044343
644192899150
644315402515
644436281097
644462164389
644596222705
644818074318
644913233864
645045060593
645059454179
645196058016
645305995739
645414770809
645497900025
645673198719
645892247889
646033522072
646186664822
646201807828
646448086378
646676967673
646762444381
646915217338
646935465508
647265638086
647757319000
647925129318
648367937928
648420690181
648556609070
648711119127
648745243494
648807001739
648893275851
648947377414
649174055224
649174567139
649265712485
649312041349
649339732776
649534844682
649715016643
649727853030
649732246202
649812984228
649852347612
649872317510
649961948763
650140941932
650213821679
650246887842
650286628638
650376687459
650399687898
650510089666
650837104535
650920109270
650969252105
651146385158
651262689213
651378640335
651507721331
651522030043
651540830210
651545954679
651641813636
651648997466
651749972023
651822464288
651959183343
651989244046
652128479049
652181078068
652273428476
652592792284
652886289176
652887701515
652976748179
653008688401
653022598490
653030871418
653252795278
653436995259
653527372159
653563879805
653579894691
653621965743
653721247636
653730496738
653996187370
654012186595
654144817257
654329918630
654454263395
654660951594
654774941119
654797189839
654807253276
654884691945
655163068441
655180863540
655181067616
655258253215
655289048063
655289367587
655422287472
655497580719
655533847701
655890442732
656096913934
656137617546
656507561495
656538442762
656685299768
656959283474
656978186391
657075702944
657114024736
657175630747
657472231602
657571158756
657656817772
657953481600
658072974300
658103925599
658147745751
658260153539
658280222144
658458793807
658470639062
658475942445
658568016646
658612453746
658668465423
658778790903
658842673086
658862641127
658972531337
658974321904
659011082590
659100670566
659116240369
659160311729
659173403910
659179501205
659218683785
659492681333
659632865739
659808964859
659858213082
660424870147
660545291900
660568089863
660593733112
660595610448
660776677833
660995639736
661010073197
661045285999
661074373055
661079227007
661131435873
661260892505
661380309036
661395643049
661427035270
661566681409
661628682249
661747376129
661821121663
661845747758
661902818922
661983458629
662028411435
662404943840
662429361077
662544070994
662614570977
662671230389
662896302504
663010003296
663118492260
663213030234
663256263942
663361711270
663408740134
663410369621
663472992493
663501281812
663519360379
663807193372
663902660217
663912719076
663953032732
664053641070
664081372308
664088920184
664432360588
664598640268
664824551434
664846260339
664870251325
664964504287
664969262025
665146260277
665152052718
666000838034
666088840493
666102920051
666113472136
666198238826
666247930460
666482370163
666533325866
666560298990
666576896045
666674392258
666803605302
666862260663
667112012869
667169798695
667185304157
667273001882
667367859774
667537995686
667752701356
667952368511
667973930172
668167468624
668283312230
668371355707
668462542613
668758365704
668919739988
669087431238
669127467467
669163530202
669339840114
669389142997
669415641054
669438310839
669671533476
669978235224
669995063946
670205650576
670319532727
670332612356
670369692676
670383133544
670452175665
670524036230
670651439659
670693070873
670937975250
671002447164
671031969271
671212315036
671230587546
671277465985
671350474367
671428597243
671474815940
671494921030
671524051508
671547648588
671552640324
671696002682
671733444817
671772334501
671787220007
671813168910
671921776493
672161191972
672384511565
672400791999
672400813466
672577041796
672622718300
672736255597
672829187471
672833716656
673166622541
673266068314
673377205298
673564017849
673573549776
673588398628
673632838209
673693766936
673811233064
673910331176
673939228971
674006145339
674023037441
674127831783
674250705831
674270531355
674475123519
674475965447
674478575167
674533221477
674575657868
674794700473
674809009292
674904617513
674911101996
675399014248
675485924144
675632205950
675712173335
675772243348
675847002573
675923553237
676332206441
676373422635
676465319130
676520155868
676569424057
676644252811
676653884191
676743421411
676764996801
676845570534
677207649831
677246614583
677583452685
677741653733
677814286107
677835652770
677881903301
677920226050
678079688113
678282019961
678341876735
678548004172
678704999324
678752549724
678859811713
679174080925
679264095725
679343179471
679380212850
679560946101
679703105327
679758104516
679790907684
679862680467
679923022160
680141003660
680382808462
680441114688
680473937752
680525739777
680777919957
680832780012
680917085154
680919389627
680957697255
681073774585
681145841561
681256380903
681267720141
681388038690
681469648007
681524674403
681969178534
681987517278
682060409688
682071214354
682082246463
682243782025
682277001897
682397612328
682558319204
682597010766
682719915468
682726843344
682779567485
682957655485
683160598912
683163802864
683265868338
683298472422
683329714253
683402975536
683441859277
683582504934
683586292335
683612802121
683960802889
683980353181
684051599692
684510546604
684512409884
684531745070
684575030650
684877010267
684947009336
685105406991
685122705696
685239977146
685379984831
685769427014
685900675366
686031459902
686045324484
686087687320
686130609830
686208264543
686463883005
686533600673
686793476694
686823560828
686828182903
686929357771
687006670303
687110233497
687130724593
687206341649
687642173116
687715819793
687827217022
688067669129
688280054698
688349760157
688561178700
688706876830
688773150840
688840985350
688917843757
689062585098
689125917594
689323717267
689413532024
689435540890
689846054197
690104630986
690133447318
690187517664
690416734221
690459726286
690495159004
690496091089
690515910230
690520158275
690643212119
690670348043
690670581092
690753695716
690833320530
690902373712
690903390014
691464089681
691552989850
692006698665
692015125009
692303879569
692795372581
692901559329
692922474042
693078230006
693171234870
693210887427
693520563062
693612265063
693710029792
693721164435
693756654610
693805330135
693935059954
693945703655
693953576583
694070963536
694079450570
694196020586
694446117169
694472032868
694864158592
694876472286
695045116226
695045730509
695105252643
695184486409
695253653267
695306994599
695334283197
695429501701
695530846128
695633419787
695645358915
695659237489
695720005682
695765012595
695797507722
695815417727
696258303980
696259313966
696317371450
696838875818
696863763969
696958270523
697119641763
697165974141
697181798417
697328786176
697539110219
697541675105
697776790926
697795875299
697993548554
698016695948
698102956829
698179691952
698188858500
698192490230
698554609267
698739502477
698774783812
699029119473
699148525210
699262118274
699397226737
699466438451
699585957345
699834628884
699886734283
700017341268
700076034612
700220421217
700321371507
700385962424
700402800345
700482834201
700531304470
700552513232
700647343074
700649243363
700675172843
700882411524
700936621964
700943298365
700951295142
701205887690
701224091817
701260076470
701265878926
701355435711
701369820087
701447570627
701493954555
701533181668
701552748869
701697570781
701726835231
701728522990
701837991034
701844564279
701884526898
702103855501
702105062288
702184104444
702343166743
702346962973
702436343898
702645877783
702689987954
702716154173
702989175963
703049753032
703064518605
703320663419
703392712482
703400256743
703416159378
703680432203
703683381005
703745886635
703947766737
703955796571
703959242406
704352806030
704432554283
704448190494
704627181887
704815441124
704881861118
704985767213
704994039226
705094803506
705095073362
705188003137
705239389391
705426606719
705834752649
705850023680
705855295893
705915064496
705925825873
705979248830
706115669124
706239611201
706261319238
706372813275
706423344170
706428720850
706433559505
706470714839
706543306480
706557071347
706576878932
706610229765
706754375646
706925584738
707027970806
707216966588
707236851024
707259552128
707306957968
707460929516
707508081062
707853685337
707861380624
707911955645
708141386930
708146294008
708189813026
708322984995
708359972010
708494903358
708564710616
708633866590
708714621139
708730281592
708760650087
708801006805
708813042655
708816540270
708868558077
708910720944
708915563484
708973210656
709187728695
709273466524
709290700752
709296330508
709331429674
709354522406
709410718506
709484207369
709798567251
709829005170
709910662516
710231205371
710343273520
710586896887
710645370478
710754946586
710781849591
710933439139
710954304781
710983492129
711061124646
711121009588
711207237863
711262492805
711286101055
711297462067
711469843865
711501243991
711679940462
711920255333
711948049109
711974997291
712080904013
712279062332
712313897779
712325714491
712333405605
712362752889
712506860001
712646908803
712769292017
712839177760
712938409269
712956267718
713100147498
713109474587
713187212383
713189864769
713209117362
713210497790
713331918591
713595999735
713634325996
713676623091
713682664952
713862692863
713978650255
714160442859
714378339286
714429105065
714521114998
714554291270
715005592795
715322494762
715439213793
715444657470
715475352058
715493012748
715675381981
715677260311
715871190002
715903620279
716291936305
716421580047
716454380177
716491521216
716539932530
716592169232
716640825690
716649838901
716928902744
716936803934
716965653779
717026342709
717093077603
717142338364
717207734425
717226723139
717341732701
717412841786
717648861518
717792310945
717805119237
717815318740
717838373894
717980012549
718481354083
718629804954
718635300848
718762368898
718771799038
718923941275
718931096864
719356534590
719443982032
719517529828
719613482626
719922312201
720401278753
720518178219
720545950353
720607565581
720610477013
720669514017
720739018801
720929066249
720933308245
721048454620
721379293353
721496955071
721677046239
721931291292
722069188594
722303160063
722332512167
722567969452
722765513496
722825234451
722864909140
723044821232
723166421720
723319464465
723485843258
723974851162
724013026611
724044527752
724057654489
724070573977
724193459145
724276113765
724440027906
724601503266
724633504960
724644540170
724670111426
724696649903
724924508203
724957935964
725075309282
725311944692
725744863052
725897872020
726128585075
726220754178
726256047215
726347154659
726404801758
726503535302
726532863836
726582668964
726620329763
726694022738
726749477480
726786454276
726893216942
726993773697
727034380383
727061021832
727174727410
727262562762
727413959250
727696942882
727725279188
727755657375
727902045652
728065298793
728238358874
728351598856
728447359467
728455950983
728670270593
728679006547
728954381585
729031641993
729426918223
729627306102
729798134840
729899628848
730031292779
730156856971
730164837215
730218968134
730310861750
730364570466
730381745805
730563344184
730590338868
730903696182
730916274646
730916785777
730971528358
731027119949
731131149269
731195831249
731292230237
731337668322
731426240089
731464924397
731583009526
731658544437
731733701178
731839585727
731857736710
732055119943
732106288719
732124217071
732296400179
732426269538
732775522109
732789687172
732833429344
732840809834
732954810083
732974493894
733324280750
733578811333
733588327344
733763085322
733860759679
733867049749
734301077506
734369642133
734560512386
734599106299
734702224057
734976404531
735070358699
735083040580
735113270830
735138276963
735380371202
735455294885
735747413278
735755509681
735923689934
735953899581
736008659964
736030638226
736062206874
736162328590
736187832282
736297526153
736357321854
736359319745
736381874531
736442703055
736446267767
736564065703
736815010375
736926206496
736942673833
737129461813
737138633993
737299304478
737522431194
737536378313
737624948612
737967911333
738063052123
738235496789
738289997868
738441820071
738653845663
738909557641
739210969502
739245549671
739261247901
739288776612
739300573562
739308872968
739311298197
739350225146
739410216164
739479138180
739592193727
739687850371
739721566786
739886816823
739938826276
740021682864
740089821565
740122088128
740256709242
740420719791
740694888287
741097438493
741194409917
741214420151
741941543208
742020345871
742144646263
742194566239
742287082557
742330082584
742448196915
742682894141
742690315779
742826451521
742918923853
743002186271
743125210259
743126538687
743260054038
743304246276
743561103077
743635274020
743705371730
743717043632
743960573558
744040899100
744119844153
744212630796
744233173448
744246367240
744315250896
744530051943
744644431927
744652633321
744713813591
744946188424
745136619734
745220616341
745325854963
745350246672
745377480874
745436828793
745513491725
745534076726
745579693614
745632413549
745662945364
745665810816
745856984632
746000155070
746341695859
746353740721
746371605497
746468348115
746627793836
746628810117
746634221375
746663109222
746714041446
746812107530
746879709275
746978106763
747076185674
747116988376
747210597957
747343546291
747370908643
747484079476
747502550037
747578994090
747772862710
747840320215
747851033272
747851879187
747896696950
747914528237
748069608102
748311617655
748330119591
748709281271
748740071279
749164153402
749350536192
749429853981
749463617542
749463961455
749684225267
749722404490
749779122247
749796291925
749814320765
749874896179
749897983506
749975343392
750002220647
750084403530
750179363068
750210219532
750223550433
750844758529
750881553526
750974593885
751002123898
751034226990
751082081178
751242516192
751457380558
751662340776
751689121840
751701674405
751740296293
751881237210
751999829198
752018777452
752030134242
752154870039
752333520639
752357878132
752364947845
752465399703
752583276270
752622558286
752663333268
752791143507
752972586747
752998208210
753042938499
753057330176
753113705332
753121538417
753152463929
753256342861
753274151918
753367113861
753399929521
753456198598
753475668127
753628286954
753647025098
753728506208
753799931105
753857009829
753871076000
753884148810
753969075851
754006343203
754030832223
754112769729
754172083558
754304581677
754697434312
754794866421
754841505001
755006021398
755122220860
755369340639
755393566468
755432111389
755493726543
755523880439
755641113563
755690188550
755690918118
755752477819
755829891489
755903898559
755955221672
756096041320
756113335350
756119396335
756140987539
756255045837
756529656315
756630774182
756680096387
756744428888
756951453065
757021506659
757106938880
757361209526
757528438907
757596612490
757654663712
757668389116
758339713324
758359218545
758539829110
758690999930
758753003968
758850667945
758908852979
758989666659
758990644264
759043580763
759059823317
759297468055
759345923319
759356768110
759410002153
759491830377
759571304403
759695748525
759713868082
759717389661
759724802875
759742673609
760133050102
760160525407
760178869835
760270224980
760289218467
760313364715
760587271936
760596493828
760664726333
760671928601
760700771122
760727729052
760812791776
760947651800
761052987432
761148589722
761277300170
761530819308
761957924663
762004433672
762502309829
762706197716
762837799857
762892027931
762940273186
763196132615
763252107367
763253923712
763267536581
763390984416
763421118697
763473539152
763555291175
763646334061
763691049245
763694807526
763770935957
763865932963
763893267577
763904432002
763944155185
764190318932
764562297182
764573723462
764588055745
764648641965
764685379248
764946138744
764970605006
765026588740
765064156405
765167934699
765290893334
765452715311
765499855525
765594630042
765677127081
765746681955
765846770074
765950840065
765958305527
765982797091
766017343752
766041757708
766079538228
766119445816
766129399545
766207044347
766518478016
766570653453
766787538587
766893682279
766998711969
767145037369
767307456120
767329605313
767374986366
767375850003
767416264033
767542000376
767562949654
767568876089
767655300902
768126166321
768157285360
768164877321
768285729615
768514347234
768859145267
768885993128
769025946718
769159282236
769208628433
769295189565
769776104969
769892074872
769906413782
769931388403
770084126768
770177408669
770460355798
770524158849
770586809122
770643624554
770838397669
770853257837
770897588617
770926976827
770947677728
771200261797
771203269994
771216580941
771258272463
771506865370
771518842422
771605367518
771629422568
771735320321
771785690321
771794118799
771813893775
771939978185
772055794136
772063221353
772293962693
772318714952
772463267359
772469105123
772501479968
772612328131
772642183406
772831413944
773001842152
773038589395
773056068888
773079253198
773179598415
773224979472
773403691456
773422484409
773438337376
773544173147
773673555645
773749436762
773826737939
773911658578
774042087939
774391694093
774474504921
774523228290
774541600853
774559127087
774991428084
774993363142
775061056665
775064165128
775135961026
775210287619
775408517231
775495243620
775563272112
775622777628
775637334240
775689856695
775701717427
776009856103
776113404368
776213823252
776470270927
776480981116
776526766737
776702602962
776810347201
776850173841
776873161171
776884193673
777014309590
777195116015
777280985444
777653716376
777704463973
777782438079
777799511031
777822717544
778128810784
778302060717
778347191088
778373757690
778379239481
778565244536
778635656190
778644985857
779112739233
779193846822
779246949195
779342860525
779439374204
779521846947
779540828544
779744267814
779956298744
779960696216
780081070623
780145015106
780382915360
780415898284
780429902618
780435402495
780484112063
780651251209
780658747957
780806473914
780934923805
780995730256
781315827327
781628842587
781757491855
781827607063
781884270578
782121372482
782202139859
782238976336
782374829077
782783158010
782837921536
782851796721
782906507943
783006894499
783048030008
783087284930
783118492519
783164125817
783402806429
783487055385
783858897388
784173636683
784227124610
784297725301
784430800124
784497863210
784518851082
784753614234
784764712173
784808883034
784854828365
784862488508
784898538130
785018612555
785019565489
785031547034
785753136405
785788587982
786094895030
786142868767
786162859407
786227155529
786380930435
786648254613
786780443319
786814506311
787329929311
787373911415
787409856138
787429905108
787474164974
787518718743
787598304752
787616676768
787726228725
787780971453
787816267688
787903227536
787924486095
787928055949
788008110404
788064832929
788096359959
788429075909
788560074672
788592454154
788609326614
788663927852
788772905190
788954469605
788974341427
789026242614
789255898410
789256998178
789367203748
789441603968
789601455177
790025841146
790031356050
790326946790
790410130923
790434390233
790482071903
790780819019
790792121936
790866710431
791009131348
791064349968
791372633788
791425729968
791482414291
791620605575
791721490607
791739762450
792078188012
792664330995
792696622132
793020046548
793147676678
793443936446
793675375531
793727347326
794107492193
794179663568
794250046347
794328138776
794352218383
794633522404
794703721812
794708943164
794870139069
794963213792
795060992341
795226221876
795284944754
795361712515
795424098544
795434474844
795503268393
795577161879
795580977380
796206025653
796291794510
796427193529
796428476771
796452095224
796748033287
796847619083
796958588123
797051718513
797215947207
797239330966
797254090033
797367581125
797619338419
797632906182
798000074622
798038860397
798050222840
798158150659
798293785908
798351971830
798426952598
798512025384
798550884269
798558704303
798566415731
798571831204
798604111271
798873893492
798880389822
799026614595
799190372886
799290482551
799480375738
799731862560
799769413496
799826329782
799860892832
799905426959
799915135025
799929113147
800041769459
800144683179
800310899488
800358695841
800397499056
800397964644
800522494056
800627044010
800830013822
800886660835
801071762066
801248861015
801280580945
801415022840
801494078257
801569622988
801574244624
801613704339
801693826995
801706447918
801749862427
801927781173
801956645665
802145367376
802255295880
802439475388
802444764532
802591304085
802822891574
802839286756
802983183081
802992428801
803021987288
803046568173
803094769899
803100074950
803189949463
803258181415
803571050966
803579595504
803586301670
803771624610
803798647108
803922054154
803926615454
804052298582
804275140645
804338881006
804388908915
804554399501
804831231372
804977554394
805075956449
805092397685
805242623006
805284135646
805450822639
805465759761
805679117634
805804444328
805935297820
806013685471
806202053772
806206914246
806395347091
806469460739
806471413310
806632980408
806770789928
806803662946
806882657566
806916988668
806937516391
806993273375
807013619586
807045842954
807236213619
807420970955
807446646901
807447098856
807562804259
807692746702
807696051018
807805789867
808091579522
808358157515
808431568312
808735591853
808739296846
808781475275
808927702871
809063446489
809124758010
809286133838
809336403444
809373552544
809383256793
809437006481
809501772755
809648832030
809732688321
809835628062
809871557527
809922187881
809976378727
809990036715
810044920090
810046210677
810069352760
810077701233
810098513213
810106937923
810108564429
810342112312
810362897707
810447797501
810486460913
810573995011
810631604486
810734153507
810807225321
810930117856
811048712318
811110145938
811198615460
811391907140
811517313307
811597559166
811703903742
811738795163
811791105674
811794360691
811859547881
812058110532
812113540574
812113791506
812157587503
812221935802
812291233130
812543328463
812627699626
812677518564
812685739068
812788336813
812888819338
813272060600
813308462713
813456048057
813476976087
813500106201
813530195404
813533702843
813542423529
813592201884
813778765843
813795169396
813894076217
813906865321
814193790767
814573501712
814613968657
814703556365
814906196769
815075314356
815149277518
815186240556
815316500646
815344225902
815385250063
815513159941
815536902913
815559763583
815591090394
815930464655
815967646314
816077099139
816163969553
816186410605
816455031056
816459020130
816865189485
816874630152
817088553165
817527627897
817542022049
817758794464
817991506629
818077469635
818342556210
818511111055
818562361029
818736276973
818918086021
818986262791
819026927497
819132960364
819362792012
819380958570
819409714500
819448329868
819745411279
819784800041
819805485519
819808795512
819930490465
820052130078
820128813992
820149116873
820155250028
820206788758
820208030507
820220777693
820283065330
820564419250
820666728993
820811164748
820820179978
820920101992
821007799165
821225901307
821461246046
821577302896
821751746594
822196277553
822378663951
822391657598
822592593713
822646734430
822748642049
823019755400
823034485129
823078129355
823092502415
823390398009
823566892404
823748698359
823870096994
823954345691
823962263135
824286619602
824501550271
824538968449
824574177199
824608758954
824705158853
824760985761
825013393652
825086406183
825237655589
825304213013
825446820881
825548354980
825604541741
825661371313
825817641865
825875291936
825911352801
825915054028
826146009844
826187577117
826282609088
826444653580
826453766023
826561087574
826757467907
826928467978
827015036679
827113072022
827119478399
827154310760
827159515318
827198986844
827353771397
827544920913
827629416510
828026175077
828047842509
828163739031
828408742201
828525251649
828675593194
828798120448
828872123284
828984793568
829032422070
829518351608
829648827310
829698794249
829754246300
829799826201
829848004561
829973237952
829989844655
830021398756
830033797907
830262852272
830517063756
830580315846
830710815333
830959317654
831047427017
831179356079
831179480373
831300256548
831456017688
831523323993
831527454448
831586574485
831679851378
831725760558
831798712367
831844688971
832063862204
832140047667
832247396640
832463386414
832643232830
832676257494
832774116580
832838441661
833097434999
833257047166
833472177675
833601225660
833617162551
833916284823
833957256982
834284444174
834287591602
834298017470
834547780624
834791469355
834821874849
835013825618
835142140334
835235997276
835244293674
835291203740
835400764008
835487595786
835603804222
835629696198
835712744556
835739754070
835793782166
835820423423
835830660328
835845897442
835898489065
835923079049
836077901161
836113175860
836185758076
836246351635
836286906022
836295210925
836346947161
836531908219
836590322962
836695540462
836725139493
836747685705
836752211147
836927725700
837349071319
837549829051
837579099980
837718148277
837747083258
837776235883
837844415656
838082569004
838125613046
838162074468
838493401337
838561996226
838720422861
838867607519
839240312945
839253058844
839371598684
839535292176
840080200375
840203344519
840247751437
840271943507
840451217626
840558526226
840588316650
840662664794
840788496220
840975926912
841025065061
841220807846
841228917349
841242585565
841378213549
841386306217
841394060762
841515902718
841521308276
841766710586
841772629188
841791758469
841930431068
841943492740
841950960867
841981093770
842594843037
842717335819
842766076341
842838586782
843008888453
843012820383
843105560257
843363952172
843471261231
843645430827
843659367136
843672073360
843758626295
843901262306
844058836404
844113817829
844242899641
844597165868
844792797339
845033854045
845130101069
845222631613
845279346632
845312926881
845366314336
845401250172
845422894907
845596854623
845611800046
845617674969
845802269278
845910266082
845986018401
845997568819
846429810517
846524876685
846614809975
847107443859
847265763103
847500783140
847563991257
847597702021
847777028209
847955440731
848113161898
848129362012
848213845153
848223526040
848226057677
848372062676
848411454076
848453810003
848585858608
848768553327
849033667730
849068929934
849087230051
849152442727
849200726188
849421649532
849464754958
849628578851
849849720259
849894892423
849909658901
850124124445
850140156554
850229690429
850286235105
850290707702
850515165648
850691018305
850752628144
850809212852
850926027142
850975773532
851071815517
851197992536
851269125683
851457374511
851569622442
851589135396
851662676338
851735235672
851750351725
851793220277
851810625334
851982820918
851989763651
852589010633
852902071241
852979600204
853045160373
853129004685
853165605317
853169666226
853232747140
853235262416
853331989932
853509035783
853623664679
853641508088
853665696329
853698147376
853708835223
854032406038
854186917069
854302088869
854336003953
854352616944
854579261453
854687343065
855027936619
855051025299
855351785171
855499687552
855527173164
855788421559
855836446090
856078971014
856112770349
856120460319
856171075105
856171201659
856189057771
856204088284
856258445083
856280185518
856334299694
856340087454
856356176299
856499063967
856655277939
856683032571
856807190229
856839380543
856860551711
856922097675
856977351862
857181519310
857251605289
857304359158
857367399519
857464911040
857544709906
857622399489
857741764985
857860687785
857879923536
857913723119
858016038347
858052518380
858066449223
858161600882
858182231019
858217730119
858480867212
858569972239
858622823348
858751402582
858829976148
858851000938
859010025360
859053405406
859129278702
859285704379
859400965559
859421064169
859488665289
859591283863
859878064430
860097781830
860157234163
860259824807
860337915487
860443851245
860509120940
860534818919
860573716319
860586478740
860737440699
861054115409
861237234410
861429074030
861516991585
861547299398
861624403714
861697454876
861809908291
861969933657
862116458234
862223628307
862277287152
862308154023
862351228394
862372353448
862431137973
862588407284
862895183070
863084074800
863179690495
863463367588
863511337816
863567754569
863614142347
863623372626
863877360106
863921939410
864100492420
864138342420
864260395958
864261230739
864500893904
864523151803
864531656893
864557471390
864607655931
864698855547
864729068169
864741289990
864753689413
864796565714
864802627924
864976463280
865073248481
865148954428
865201283654
865293639816
865323294119
865518771085
865564507375
865610736517
865798241518
865813766342
865860477513
865945460508
865992190306
866025864236
866038199113
866042525803
866134825016
866696512188
866753769089
867350481649
867434510532
867534939133
867591548090
867623134790
867775164837
867868481777
867940067759
868072222671
868094329102
868097746015
868134474960
868140855889
868181627520
868277815138
868353803961
868502019991
868510390502
868546664156
868627200075
868646964662
868732289893
868798878137
868866248731
868974156049
869038377731
869046482518
869093754329
869267682945
869496945813
869556749683
869629175487
869754493948
869884362950
869901291588
870131357682
870245174697
870632684347
870656626030
871036016657
871102962842
871273118482
871572837368
871641907708
871688240785
871771513614
871985467110
871990736372
872078257958
872149836235
872222884017
872239013885
872249771551
872296292683
872321977360
872621461170
872664494150
872710433056
872745829288
872878291445
873051468025
873062856071
873114563784
873410126743
873565515253
873632923802
873661879629
873852285370
873868410189
874029711800
874219800933
874286285444
874289827360
874320693288
874516282376
874540958390
874593878400
874797453583
874893464567
874972764414
874991081582
875069745288
875084021679
875089447042
875406524670
875452112747
875526205052
875710325431
875755659016
875982768636
876113835467
876152626238
876205046549
876285579251
876589119631
876677691392
876709410221
876775565229
876937772331
876995173406
877053571888
877059885609
877128651447
877131580920
877200915340
877208472694
877266186912
877305647890
877340733103
877476613620
877572003493
877622828923
877628552715
877738040705
877757004799
877808738467
877864433069
877882662090
877963042651
877982527573
878079645873
878107384050
878253537633
878295245643
878368769563
878412409807
878534278760
878558476547
878666714213
878697554049
878728389653
878800219913
878870348335
878944688912
879177299380
879219283917
879268151728
879366746565
879445705413
879491251460
879853612305
879856443325
880352172383
880365079546
880527147166
880695864929
881027381400
881060271829
881271282159
881336247245
881618167843
881650129449
881759868051
881770468978
881842410955
881873995375
881987053239
882010966886
882223614721
882419387399
882538700850
882556861340
882705584087
882736611412
882822405826
882852859821
882876391580
882975247435
883077990010
883086931717
883094905220
883095655056
883155838553
883207689388
883233983416
883281720227
883569327164
883656792974
883777419094
883859474911
884080229174
884249626932
884593623022
884671814437
884888298853
884924062795
884932952931
884938350588
884947707481
885000372682
885036482846
885087316585
885212271546
885434335209
885511025214
885556915700
885604001727
885738585602
885837305035
885864957677
885881150775
885947071962
886102212671
886446711433
886452374563
886473900587
886504620719
886626908638
886736871015
886838796244
886904513821
887034339662
887221763049
887270235408
887571723580
887572820030
887679505379
887716995832
888036717779
888039618543
888046972878
888055374607
888137490404
888321786825
888436652760
888446802598
888519691591
888643132382
888659441660
888985024715
888995496201
889019686007
889070500407
889105739343
889144481830
889310731774
889334553470
889392733394
889631476194
889790457309
889969990772
890130136316
890466624397
890901244103
890908888069
891136283744
891144872438
891173024646
891233439977
891407991790
891459926368
891473925316
891560989913
891569128855
891589567227
891870768540
892044410640
892350907965
892368660851
892525979575
892544946860
892713463529
892955995636
892986419397
893012262047
893039970078
893417816534
893475677302
893698017419
894006876723
894156076132
894305875946
894369422539
894428129756
894511753047
894707415117
894764181684
894787164360
894945220339
894990410740
895017356890
895062105276
895072933639
895359000698
895579310037
895580694106
895630266802
895755938625
895924404484
896016810952
896154675570
896168011486
896223946223
896260911297
896351432767
896437146265
896544555058
896556788315
896612478772
896699870187
896896895191
896961755842
897024845852
897131017401
897208143638
897254028283
897480796350
897716596704
897750750156
897772010832
897985631290
898187310338
898222269960
898331343307
898356575865
898356835866
898414901137
898456433555
898755621639
898896864665
898966652906
898994134246
899007788795
899068171886
899180320068
899209061996
899210951126
899251656155
899401077056
899409271148
899426959926
899594402996
899790696846
899810556164
899838959648
899853908930
899881877997
899932330982
900146988925
900174735021
900261265843
900536354608
900729318917
900926309079
900989075655
901036514793
901236269452
901357953518
901359372811
901419636242
901474765083
901940070898
902018448925
902051023333
902112272587
902366731694
902415889484
902438201185
902829773536
902912935499
902931923929
903081057790
903195067234
903292653079
903390181729
903472065004
903715331397
903852825831
903946396860
903950745894
903956198097
904013138194
904022872359
904078642195
904130889431
904239697260
904437450287
904451595647
904474909196
904514620402
904545585680
904558333138
904591965676
904611576706
904685126826
904692123322
904734216870
904867267440
904916820576
904936728841
904980025819
905034662075
905246803975
905265951846
905333610844
905386554935
905544478470
905566534154
905598045517
905802496480
905815916706
905821333472
905944894812
905955917685
905989456022
906061817886
906200244902
906218473851
906293686614
906729595261
906741029216
906811353943
906863205612
907176345644
907459936268
907492379126
907830865978
907856028260
907876036255
907934009316
908083958982
908157765013
908179418218
908314889349
908422055753
908425564914
908493354754
908625554595
908712765724
908778254790
908935800854
908948495995
908963565808
909108852221
909183752279
909225898694
909320656355
909348970078
909431898481
909851613378
909959295935
909968706393
910178391016
910235686706
910282469612
910300312582
910336938746
910412884266
910579751534
910865803114
910912240104
911511203504
911715437623
911752552423
911770909283
911854887096
911956697254
911975123568
911994169201
912024717679
912037769161
912146612692
912156900688
912221465057
912261912363
912328108078
912386773600
912427829161
912434188266
912613743391
912761913256
913077533848
913107567401
913175920989
913222251529
913273305861
913442131630
913573247679
913626519153
913663511608
913828905779
914058541859
914117378309
914136374135
914146881072
914236708923
914456123110
914520023173
914548396638
914553745129
914565174908
914586451226
914623448462
914751009013
914952081673
915015436836
915065656545
915194546776
915247565819
915583284144
915642826226
915748793397
915754691430
916073352490
916126433113
916200770250
916542756188
916560053393
916670942049
916805155077
916992248091
917012298041
917121794620
917218784219
917296384694
917298971219
917431957398
917438736861
917455547920
917522914040
917527634544
917622129256
917764732203
917997480915
918190514126
918192083218
918278126103
918397229502
918435633737
918558856329
918698984235
918751437022
918837022290
918860910993
918870056699
919001963974
919011238096
919267813567
919456502272
919523629183
919580087532
919621139482
919655264779
919667951379
919684664406
919800308220
919836485627
919847227873
919855270392
919904121671
919904369944
919993931225
920161836050
920231754364
920238479285
920332284284
920444209308
920565344839
920580632039
920805922420
920808998550
920836286872
920903235531
921068836640
921131545343
921249289548
921308239406
921327146102
921338188386
921653351061
921745670461
921842506116
921847029544
921857742680
921909566298
922014065897
922173727120
922325848941
922519957435
922552262915
922579903986
922591289952
922660311908
922853551976
922911689858
922912631682
923064426874
923269367319
923391744798
923418216099
923483945938
923529074706
923584394769
923639200646
923687785386
924260984116
924298656072
924361374534
924384800836
924412689383
924414726156
924430081017
924443135178
924597677087
924972924990
925053514030
925165643927
925327394902
925338773882
925366169985
925395759116
925460404838
925548385959
925748077340
925751311816
925788326634
925794808757
925861678510
926036991625
926101200798
926104029728
926136681745
926136720815
926419732241
926421618068
926822894596
926944228832
926949029435
926986856848
927007652209
927156533339
927162762398
927296089037
927315449651
927323979252
927433362600
927454108818
927481093412
927690465371
927702099786
927747608445
927788116758
928034931650
928387164708
928397789212
928448232380
928606274781
928634416654
928664398339
928688371996
928730681633
928888787513
928917711167
929071776213
929141883450
929163803680
929486140916
929531476013
929666740398
929717308895
929758140851
929840745202
929853825481
929908299395
929972879136
929983616311
930152397674
930206315858
930426990005
930598439774
930807454873
930833177147
930840830777
930930260899
930960502139
931042959882
931105911139
931210595882
931358792841
931383111418
931429301088
931531617381
931580036518
931596801879
931824626343
931840828822
931880652544
931975166503
932039904013
932076865037
932133891383
932566124017
932595241378
932686812500
932692069780
932820318761
932826173708
932959821371
933028364222
933240512999
933591509081
933673492516
933687771980
933804004515
933862489958
933870687921
933905577818
933958687232
933980320273
934157903411
934173869007
934198061070
934215731595
934296496610
934460197607
934516441878
934521673413
934576614967
934605304893
934859550391
935060172386
935109427189
935333664550
935421592428
935756413477
936056496775
936102509140
936205323501
936606437885
936717965705
936736797782
936807383988
936999688334
937326696775
937771674322
937796988747
937911965415
937933020645
938197073393
938360508646
938363442532
938380768826
938393783411
938474296754
938695336413
938728150023
938737397128
938911686590
939050545739
939226946641
939290418059
939401966464
939509254076
939662979475
940086997479
940300478293
940324175919
940361525543
940427869610
940470751589
940736148204
940753257613
940799862593
940934265057
941579404585
941620768596
941698560170
941872379080
942136703728
942259318107
942305513083
942362539676
942406661836
942435387458
942486014546
942531894850
942848703031
942951343910
942987224642
943144119762
943164330467
943234335044
943541150168
943721841100
943764352208
944119967968
944134763579
944146437284
944176784879
944192993338
944216699288
944272741715
944421586300
944439799842
944498407585
944725524727
944835533623
944921679417
944977772451
945063404326
945158665662
945205841033
945288417949
945374731890
945431102964
945526966386
945612596613
945654547292
945794950484
946017249889
946100095539
946172180377
946310458816
946331368905
946522295619
946542787403
946553804030
946568461971
946697712001
946998914929
947122529064
947140081088
947272421608
947279080213
947303867989
947392717476
947422724546
947451420598
947600964567
947662132222
947687862921
947836747933
947859557147
947909777639
947944753954
948020347027
948032563163
948056919273
948271746147
948365671649
948520251558
948529538645
948554042613
948646529012
948649621295
948809407832
948911396210
949111122165
949124172309
949156539010
949310205981
949518723901
949775821433
949855572220
949912131436
949930310087
949960394012
950147053709
950206874564
950299818835
950385536480
950429071390
950532711792
950567332474
950663689318
950701786071
950763579091
950802110864
950803493943
950927305474
950981154430
951000876152
951138182593
951154322443
951177320043
951355640675
951365110083
951396311479
951506418183
951728367939
951755928654
951800519288
951998318171
952129410774
952261082641
952270426371
952335956602
952427065677
952553993814
952587648387
952589826772
952623910017
952739605624
952998066353
953239901541
953381089499
953441195860
953543553300
953796551716
953992174850
954130279989
954387661963
954459824372
954504315845
954599868628
954643596989
954751661521
954817742749
954882828499
954991859477
955030442243
955047167912
955064199672
955156438778
955284898373
955398243572
955522601086
955614439689
956112356205
956342777085
956349585592
956415893578
956492586579
956603947960
956681036832
956722318097
956894363068
956972341523
957114436368
957319865978
957356180573
957726622365
957959249865
958098943922
958141548471
958322554947
958342584928
958346826830
958353082065
958383470375
958510360449
958542913412
958603548037
958697816930
959090305681
959216752483
959246934943
959272205181
959282828197
959349561014
959557874566
959605091565
959628605348
959682559904
959910884561
959966535203
960022246935
960042302981
960070337697
960090216854
960187817015
960220200048
960258602448
960310294076
960606605688
960630111881
960825019679
961009339277
961017774964
961044458752
961106539649
961111449745
961245351473
961330043577
961341705026
961683163455
961812226460
961818692638
962196332961
962274252660
962322396894
962322679222
962442024041
962732600540
962736186564
962879416033
962982543351
963108340117
963248794476
963261296347
963298584628
963369913826
963450465150
963458518202
963575027933
963664245858
963706523114
963958719091
964026860959
964286295140
964480904379
964497642962
964525956541
964579039341
964767102706
964767654245
964772025595
964818439252
964831315730
964971495449
965153495278
965336516179
965360182691
965370418233
965398752585
965432559499
965541039461
965654998044
965716266917
965736868801
965952312415
966139142607
966355781905
966464671355
966497350167
966724283766
966747817253
966813449808
966973076063
967047409481
967296913066
967349294109
967389476487
967479697917
967516345601
967528177463
967549137073
967624805554
967648971150
967754186191
967839054868
967880647610
967926446363
968045980177
968123739119
968131197967
968152387464
968200932370
968418321412
968520506814
968539431346
968555501229
968673440458
968723880239
968794106718
968802153975
968967069358
969070063824
969075778216
969086684089
969135803156
969154055754
969166829980
969373302983
969583978795
969625940023
969632527299
969672738885
969711763606
969928906588
970208592297
970279879682
970298020573
970316470023
970355818662
970505632925
970510374031
970519310009
970527449099
970582824555
970780983319
970883006980
971030781455
971232949706
971238333862
971287938839
971379420403
971453458573
971639739651
971698881819
971767362166
971775468005
971813724136
971869555869
971991779556
972038442769
972138333871
972180423853
972262931031
972306615934
972334457870
972382518543
972431517578
972441314616
972560893831
972584674410
973002131821
973121254997
973172184512
973299356531
973359910506
973397002011
973545733329
973644027875
973815565490
973874314029
973880103333
974007174364
974056518228
974304210299
974364049741
974375291341
974530370246
974546240903
974590826791
974649675286
974677643683
974884645855
975020692935
975094923517
975153510731
975423100958
975440952997
975584125206
975641992487
975647897545
975666172181
975668663159
975871200438
975885511796
976016102646
976047319989
976356545102
976467827784
976537963976
976625699766
976664906998
976718763632
976897027878
977020719949
977034164003
977198028723
977215379081
977276101343
977343036636
977481849753
977745155957
978124276516
978590773963
978768794714
978836591370
978891685201
979021059526
979058162093
979064755000
979120514365
979150002077
979191973949
979291791654
979437225331
979439674123
979468087093
979486975718
979582330119
979693803611
980044506513
980110664469
980158195932
980244358886
980412602906
980484197124
980593435523
980703284114
980951682174
980964513582
981050051477
981055723725
981069370815
981112469199
981135227190
981197961234
981248174039
981346475991
981411371372
981417893747
981632624390
981742932336
981920355674
982109673898
982228836552
982255534826
982419836355
982546401383
982604036795
982814472428
983105162242
983115718939
983141512075
983213546964
983360679011
983493490796
983568095760
983764945016
983887406480
983959695657
983969362381
984128579279
984150934403
984270504755
984290929101
984459525850
984626772063
984877428694
984943694809
985077232867
985094231133
985275046956
985413414410
985457493068
985493381811
985720343227
985795978837
985797852677
985886288221
985953942915
986096606092
986125739811
986172581938
986194059308
986298862314
986587045381
986675814179
986958433187
987026488684
987195716383
987283690495
987374765178
987440145536
987794287496
987833221407
987850019443
987879642591
987926547143
987963752112
988136546784
988160198859
988181022763
988186223835
988201549512
988227855947
988372541313
988372909957
988558689400
988609907681
988626072734
988629168448
988694084759
988739600838
988854894044
988907678839
988982694623
988999154862
989070027997
989142075905
989290871655
989543803056
989918204767
990044448854
990288635370
990444465721
990620042867
990718091073
990733421825
990879398614
990960680834
991012451041
991016646908
991297177427
991357828698
991430339032
991600569499
991676382381
991745774549
991795868802
992216449275
992354123339
992450919040
992457410984
992540616855
992625291723
992833776144
992849481203
992877439773
992892115361
992937850191
993075516058
993345952731
993435283225
993480937876
993953091163
993965328488
994105841902
994112512184
994144734620
994234566088
994351641841
994456171743
994472424122
994587532178
994658031912
994658879698
994659258519
994726642324
994791275875
994971467603
995015505094
995199063211
995539621127
995610845930
995617082793
995805042994
995902097666
995909021057
995913042365
995971375930
996012857184
996031079622
996066659304
996074840552
996082440962
996107538610
996177908979
996219218905
996241917351
996242319336
996437201741
996624774392
996657120220
996735862343
996765920580
996797538894
996799561447
997027498163
997189461661
997360315117
997944133916
997996238826
998120056842
998130879134
998179379356
998433049568
998547380382
998741303654
998836995025
998851024611
998877200022
998955802676
998966964379
999138952095
999212235312
999633417476
999787661095
999925897368
999951408520