-50
-50
-50
-49
-49
-49
-49
-49
-49
-49
-48
-48
-48
-48
-48
-48
-48
-48
-47
-47
-47
-47
-47
-47
-47
-47
-47
-46
-46
-46
-46
-46
-45
-45
-45
-45
-45
-45
-45
-44
-43
-43
-42
-42
-42
-42
-42
-41
-41
-41
-41
-41
-40
-40
-40
-40
-39
-39
-39
-39
-39
-39
-38
-38
-38
-38
-38
-38
-37
-37
-37
-37
-37
-37
-37
-36
-36
-36
-36
-36
-36
-36
-36
-35
-35
-34
-34
-34
-34
-33
-33
-33
-33
-32
-32
-30
-30
-30
-30
-30
-30
-30
-29
-29
-29
-29
-29
-29
-29
-29
-28
-28
-27
-27
-27
-27
-27
-26
-26
-26
-26
-25
-25
-25
-25
-25
-24
-24
-24
-24
-24
-24
-23
-23
-23
-23
-23
-23
-22
-22
-22
-22
-22
-22
-22
-21
-21
-21
-21
-21
-21
-21
-20
-20
-20
-20
-19
-19
-19
-19
-19
-19
-18
-18
-18
-18
-18
-18
-18
-18
-17
-17
-16
-16
-16
-16
-16
-16
-16
-15
-15
-15
-14
-14
-13
-13
-13
-13
-13
-13
-13
-13
-13
-13
-12
-12
-12
-12
-11
-11
-11
-11
-11
-11
-10
-10
-10
-10
-10
-10
-10
-9
-9
-9
-9
-9
-9
-8
-8
-8
-8
-7
-7
-7
-7
-7
-7
-6
-6
-6
-6
-6
-6
-5
-5
-5
-4
-4
-4
-4
-3
-3
-3
-2
-2
-2
-2
-2
-2
-2
-1
-1
-1
-1
-1
0
0
0
0
0
0
1
1
1
1
1
2
2
2
3
3
3
3
3
3
4
4
4
4
4
4
5
5
5
5
6
6
7
7
7
7
7
7
7
7
8
8
8
8
8
8
8
10
10
10
10
11
11
11
12
12
12
12
12
13
13
13
13
13
13
14
14
14
14
14
14
14
14
15
15
15
15
15
16
16
16
17
17
17
18
18
18
18
18
19
19
19
19
19
19
19
19
20
20
20
20
20
20
20
20
20
20
20
21
21
21
22
22
22
22
22
22
22
23
23
23
23
23
24
24
24
24
24
25
25
25
25
25
25
25
25
26
26
26
26
26
27
27
27
27
28
28
28
28
28
28
29
29
29
29
30
30
30
31
32
32
32
32
33
33
33
33
33
34
34
34
34
34
35
35
35
35
36
36
36
36
36
36
36
37
37
37
38
38
39
39
39
40
40
40
41
41
41
41
42
42
42
42
42
42
42
43
43
43
44
44
44
45
45
45
45
46
46
46
47
47
47
47
47
47
48
48
48
48
49
49
49
49
49
49
50
50
50
50
50
50
50
50
50
50
1000
501969043569
503424990388
504493471889
505159817511
506241917541
506446990127
506895408492
507023912628
507504447045
508186569971
508912614594
511040658555
511156235844
511294369687
512975245128
513605586818
515185368011
516353298826
516809127292
519462494219
522276970006
525134854264
526347825720
526447965993
528934016524
530713353043
531715053010
533506619048
535483720873
535515381846
535671833207
535885213327
536174782156
536828939400
537204663144
537575695919
539241372483
539470323693
540746680360
541772072414
541885416580
541951092169
543507927917
545503365196
545957901428
546870389236
546924421357
547220560131
549875071187
550210090080
551458952608
552201803900
552844180134
553129832919
553731247436
554238773317
555733229425
561162454311
562243950826
562679114571
563595234507
564024245383
564428137485
566684213724
568099703078
568102191757
568891781971
569169107975
569980004516
570202869478
571457574294
572329929482
573551869079
575431546529
578532539066
580437212012
581539506898
582361477850
584307038495
584938170822
587617026167
588161042739
589962930871
590279101836
591648886132
591790384636
592275409902
594375962572
594521394745
595233349721
595376645749
595569811382
596211915261
597025439371
597464133517
598123974198
603470219083
606711137279
607136822057
608048629262
609568739806
609654621830
609703512516
611202207271
611320571142
612128443190
613315223347
614062208814
614630938458
614753615452
614972268961
615461646922
615507814517
615614710228
619617532111
619870334190
620084812032
620668097695
621477791606
623035416320
623210767041
623400517647
625010973563
626270774703
629741119360
629844237173
632683537229
632818890687
634188057232
635745136663
636012074031
636179197958
636347036823
636415003199
636511019560
637827118014
638076133341
639068850141
639798049856
640909045407
641701697905
642292287558
642688771713
644804543475
644880440329
645125946897
645311522398
645321645917
645898298771
646223828301
646339532449
647543362851
648281639468
648739283128
649093546725
649389586954
649402206721
651592913048
653282693721
653521949283
653884101416
653922473679
654530396085
657110993585
658141340079
661255780165
661700130395
663395908809
663577202238
663932689474
663973926591
664547936774
665546279275
665807186361
666183266780
666816445344
668677219988
668877186396
669054593286
669232769332
672437596135
672822503289
673079970701
674069448525
675006433010
676027892344
677798794890
678331670706
678363093952
679508087254
679531322871
682062383484
684194076072
686399015483
686424138136
686454177384
687890426916
688891609093
690909372777
693445838476
694432141412
695615904724
696675935944
700470176985
701489305706
704012542020
704627278199
705631970650
707224511402
707780030391
708611855965
709466983148
709571091905
710323483942
710518599620
711947966719
712044046685
712944189685
715745286308
716607748875
717675971089
718113993171
718773255797
721453000610
721716743334
722270468771
723756543683
724440221287
726379222244
728980383925
729741276498
733004533062
733429817879
734439061563
735598578917
736727588155
736735104406
737560016117
739694619901
739924750415
741916039873
742843367896
743151752129
743339290097
743592290402
745108827807
745544623879
745723269570
746640404274
746939242952
747660768715
747748862638
748602652561
748950846720
750233316004
751168389701
754056205996
754984512480
756565962206
759816577817
762733298380
764501868629
765421079347
765676316705
767290974571
767395941155
768537297081
769928514360
770191602687
770701579055
770732032723
770806850136
772000782495
773151665102
775931848939
776892963104
777163381008
779504046222
779857782926
779917480940
780472761709
780627422180
781179064761
782664922314
782964028675
783296381354
786479843086
786682683740
787052393262
787937651308
788024165125
788578159842
788659981950
789306514716
789689581487
790786137634
792210117069
793830094490
793915942200
794637673128
794854302528
795265183883
795714050274
795837799322
796376396137
796961257167
797060546107
797661845975
799208085846
802164811516
802634458684
804294099819
804543906481
805818482188
807139635056
808162085902
808443091162
809186236949
809482972495
809744758670
810946171758
814939491217
816247637890
816467848604
816551614781
819352050385
819499020709
819712095899
819732726703
821247369777
821412958928
821788782372
822006797106
822216389569
822381035909
822716472950
825321214073
828399989669
828412834218
834563368225
834661089785
835514543436
836741512371
837414380679
838199825530
838339301098
838729973976
839146888819
839844999915
842428981709
843001436803
843181151016
848119173595
849084725162
849618600231
850298639018
850648016299
850840902416
850972500776
854385017418
854448092158
855156577224
855445310937
858470379859
860423805339
860663521200
861284445669
862248035041
863024370174
864401314568
866976392941
867735244661
869149123164
869382302469
871527695549
872819723878
873043077307
873511596082
873938811605
874592263375
875788473861
876005952347
876495619220
876747989658
877415707386
878224791397
882573716992
883537806145
883563500021
884852059615
885264075437
885403868578
887006093011
888725307696
891698304433
891808658236
891983322239
892257832237
892741749531
894040188064
896885038504
897583049606
897706086888
898405743354
898637005420
899047480233
899736541999
902120120597
902795292922
902994295661
903327234031
903359353934
903832666671
904875942301
905072138326
906345422755
906531827200
907513639264
907711011534
909273128276
909418997427
913565929466
913939903950
914832586325
916134554279
916919138571
918144352618
918309148375
921699647437
925338170213
925797129536
926286612669
926376823532
927355385962
927923622695
928703560199
929371280995
930895054662
932751241548
933513236969
933896530614
934104419659
934445704790
937081761497
939223040614
941586842101
942133870105
942596830952
942619328065
943601605953
944840836500
945432254021
949479386767
949626259385
951487153911
952329070713
954751266871
956344064322
957475685246
961261064090
961386133167
962324190956
963057743097
965502074489
965767980666
966068615781
966946187944
968027772528
968282579819
968488576262
970623635673
971624580385
971856484393
972593261730
975516550202
975844111306
975974933560
977452743257
979108776250
980604234710
981659872984
983245169230
983486807651
986703866190
988834405537
989472175133
990176899965
990219398101
991777619206
993733532470
994182392988
994385693391
995502237078
996960561484
997368858786
997638504539
998607984995
998923820319
999717083011
999969515482