-50
-50
-50
-49
-49
-49
-49
-49
-49
-49
-48
-48
-48
-48
-48
-48
-48
-48
-47
-47
-47
-47
-47
-47
-47
-47
-47
-46
-46
-46
-46
-46
-45
-45
-45
-45
-45
-45
-45
-44
-43
-43
-42
-42
-42
-42
-42
-41
-41
-41
-41
-41
-40
-40
-40
-40
-39
-39
-39
-39
-39
-39
-38
-38
-38
-38
-38
-38
-37
-37
-37
-37
-37
-37
-37
-36
-36
-36
-36
-36
-36
-36
-36
-35
-35
-34
-34
-34
-34
-33
-33
-33
-33
-32
-32
-30
-30
-30
-30
-30
-30
-30
-29
-29
-29
-29
-29
-29
-29
-29
-28
-28
-27
-27
-27
-27
-27
-26
-26
-26
-26
-25
-25
-25
-25
-25
-24
-24
-24
-24
-24
-24
-23
-23
-23
-23
-23
-23
-22
-22
-22
-22
-22
-22
-22
-21
-21
-21
-21
-21
-21
-21
-20
-20
-20
-20
-19
-19
-19
-19
-19
-19
-18
-18
-18
-18
-18
-18
-18
-18
-17
-17
-16
-16
-16
-16
-16
-16
-16
-15
-15
-15
-14
-14
-13
-13
-13
-13
-13
-13
-13
-13
-13
-13
-12
-12
-12
-12
-11
-11
-11
-11
-11
-11
-10
-10
-10
-10
-10
-10
-10
-9
-9
-9
-9
-9
-9
-8
-8
-8
-8
-7
-7
-7
-7
-7
-7
-6
-6
-6
-6
-6
-6
-5
-5
-5
-4
-4
-4
-4
-3
-3
-3
-2
-2
-2
-2
-2
-2
-2
-1
-1
-1
-1
-1
0
0
0
0
0
0
1
1
1
1
1
2
2
2
3
3
3
3
3
3
4
4
4
4
4
4
5
5
5
5
6
6
7
7
7
7
7
7
7
7
8
8
8
8
8
8
8
10
10
10
10
11
11
11
12
12
12
12
12
13
13
13
13
13
13
14
14
14
14
14
14
14
14
15
15
15
15
15
16
16
16
17
17
17
18
18
18
18
18
19
19
19
19
19
19
19
19
20
20
20
20
20
20
20
20
20
20
20
21
21
21
22
22
22
22
22
22
22
23
23
23
23
23
24
24
24
24
24
25
25
25
25
25
25
25
25
26
26
26
26
26
27
27
27
27
28
28
28
28
28
28
29
29
29
29
30
30
30
31
32
32
32
32
33
33
33
33
33
34
34
34
34
34
35
35
35
35
36
36
36
36
36
36
36
37
37
37
38
38
39
39
39
40
40
40
41
41
41
41
42
42
42
42
42
42
42
43
43
43
44
44
44
45
45
45
45
46
46
46
47
47
47
47
47
47
48
48
48
48
49
49
49
49
49
49
50
50
50
50
50
50
50
50
50
50
1000
5007086
5029521
5032511
5033629
5043850
5062723
5083189
5084960
5091155
5110863
5121144
5127347
5129283
5158636
5165602
5174284
5176451
5180473
5195315
5202590
5204753
5206525
5231717
5255490
5256141
5258439
5266421
5278384
5286834
5291197
5297540
5336533
5341489
5359156
5376696
5377325
5380742
5387704
5404308
5407340
5417269
5437325
5443012
5464251
5479154
5487902
5492487
5504860
5510066
5510461
5522791
5540345
5562027
5568292
5572323
5575074
5585141
5587910
5594889
5600216
5606363
5606727
5608504
5615831
5628179
5630234
5630685
5646820
5661461
5667049
5687935
5702293
5712806
5719619
5748660
5758133
5758345
5763679
5765192
5780588
5789019
5798854
5810064
5827369
5832838
5838644
5846699
5847638
5892425
5896555
5907137
5930679
5948712
5971710
5982608
5985130
5990418
5990455
5990610
5999810
6021732
6033844
6039355
6049658
6059479
6059733
6062220
6075445
6081503
6090341
6090560
6093134
6145833
6158449
6160011
6161786
6162826
6167074
6187308
6188503
6217843
6243024
6244957
6254624
6266761
6275655
6277359
6293352
6306770
6309335
6324535
6337712
6342747
6355826
6363449
6376895
6382058
6382427
6385619
6389401
6409114
6413930
6414298
6422891
6428687
6438793
6444302
6445885
6448613
6449989
6453260
6470326
6478709
6489633
6489636
6494439
6494471
6506312
6566667
6592482
6593003
6594766
6609996
6643196
6655585
6668320
6672422
6681473
6705794
6709969
6710555
6718169
6723306
6729640
6733135
6734265
6742383
6752291
6752759
6777604
6778511
6793884
6816618
6825517
6841040
6862817
6864943
6887957
6893565
6909412
6943785
6947112
6956374
6958988
6977503
6990059
6999631
7017406
7021573
7032049
7039201
7048728
7058480
7058781
7074476
7077282
7082189
7083952
7097223
7098995
7102146
7104552
7110411
7118848
7132121
7140637
7163211
7164001
7170699
7173597
7175592
7177026
7179718
7183554
7184366
7189486
7197681
7219485
7240555
7244172
7247921
7248682
7257116
7257302
7262916
7264835
7267094
7271806
7291983
7295041
7303297
7308757
7313541
7322925
7328855
7329285
7342693
7379357
7382762
7388921
7409337
7439587
7440128
7461968
7478628
7486489
7490378
7505827
7507576
7512943
7532014
7545116
7547358
7547993
7553519
7556840
7561348
7562685
7563750
7598470
7609995
7610966
7615585
7623012
7625507
7627368
7651376
7655238
7661215
7680784
7682542
7695848
7715290
7729771
7730217
7752248
7765250
7766604
7769224
7801337
7818657
7826554
7840962
7846801
7872621
7919080
7931399
7932781
7937797
7963087
7977481
7979443
7985099
7993212
7994359
8013115
8015050
8029040
8088753
8092796
8105908
8117326
8135051
8164163
8167187
8170006
8178019
8183391
8189207
8207412
8207683
8214075
8214987
8221029
8223206
8248671
8264532
8268147
8269056
8293024
8301816
8315079
8319459
8330343
8332290
8332940
8336965
8350433
8352974
8353057
8354844
8361785
8364520
8371580
8377240
8399500
8414154
8424431
8430649
8448891
8458171
8461559
8495397
8522934
8545007
8557774
8563735
8572452
8579862
8591178
8594299
8608539
8617675
8621912
8628156
8629230
8631609
8667240
8675292
8676869
8680695
8685944
8696703
8710175
8710401
8711820
8719087
8720989
8733423
8742016
8744645
8747149
8754022
8769740
8771116
8773312
8789108
8802637
8853655
8872021
8876130
8880367
8882996
8898843
8918340
8925336
8932867
8935656
9016691
9029874
9056932
9064641
9075044
9076835
9093359
9117206
9129704
9130227
9133084
9137773
9147834
9152552
9152577
9152967
9163542
9191469
9197420
9201850
9203764
9206296
9219742
9254396
9272066
9280546
9280928
9286244
9290931
9291878
9292381
9302010
9311335
9314749
9320601
9336176
9380294
9388900
9397089
9399905
9403212
9414007
9417376
9429963
9432231
9432489
9433683
9435071
9453983
9458252
9479974
9499690
9504519
9508812
9513573
9513863
9523937
9541404
9549472
9551453
9565272
9565472
9574199
9574953
9575926
9587946
9588732
9607610
9623840
9633177
9638493
9666098
9671519
9677915
9692370
9699781
9701038
9706383
9731778
9737416
9775706
9777457
9786075
9786570
9791847
9793376
9803134
9857697
9858233
9859908
9864828
9865984
9867521
9877414
9902537
9913527
9931872
9953435
9954615
9979027
9979633
9987680